         ps       /mp1_tb/mem_address                
          delta       /mp1_tb/mem_write              
                  /mp1_tb/mem_byte_enable            
                             /mp1_tb/mem_wdata       
          0  +0                  xxxx x x xxxx 
          0  +1                  0000 0 3 0000 
    3195000  +5                  00f4 1 3 01e0 
    3425000  +4                  00f4 0 3 01e0 
    5285000  +5                  00f6 1 3 000a 
    5515000  +4                  00f6 0 3 000a 
    6575000  +5                  00f8 1 3 4537 
    6805000  +4                  00f8 0 3 4537 
   10285000  +5                  00fa 1 3 a342 
   10515000  +4                  00fa 0 3 a342 
   10795000  +5                  00fc 1 3 01a1 
   11025000  +4                  00fc 0 3 01a1 
   11305000  +5                  00fe 1 3 fe62 
   11535000  +4                  00fe 0 3 fe62 
   12085000  +5                  0102 1 3 0100 
   12315000  +4                  0102 0 3 0100 
   13115000  +5                  0100 1 3 fe6f 
   13345000  +4                  0100 0 3 fe6f 
   21615000  +5                  0102 1 3 001a 
   21845000  +4                  0102 0 3 001a 
   23455000  +5                  0104 1 3 ff9b 
   23685000  +4                  0104 0 3 ff9b 
   24785000  +5                  0106 1 3 000d 
   25015000  +4                  0106 0 3 000d 
   27375000  +5                  0108 1 3 517a 
   27605000  +4                  0108 0 3 517a 
   29735000  +5                  010a 1 3 0133 
   29965000  +4                  010a 0 3 0133 
   31075000  +5                  010d 1 2 9000 
   31305000  +4                  010d 0 3 9000 
   31585000  +5                  010c 1 1 00ac 
   31815000  +4                  010c 0 3 00ac 
   32605000  +5                  010a 1 3 90ac 
   32835000  +4                  010a 0 3 90ac 
   33385000  +5                  0110 1 3 00f2 
   33615000  +4                  0110 0 3 00f2 
   34645000  +5                  010e 1 3 0646 
   34875000  +4                  010e 0 3 0646 
   36495000  +5                  00a2 1 3 126c 
   36725000  +4                  00a2 0 3 126c 
   37285000  +5                  0112 1 3 000c 
   37515000  +4                  0112 0 3 000c 
   38855000  +5                  0114 1 3 ae85 
   39085000  +4                  0114 0 3 ae85 
   42265000  +5                  0116 1 3 600d 
   42495000  +4                  0116 0 3 600d 
   43875000  +5                  0118 1 3 00d8 
   44105000  +4                  0118 0 3 00d8 
