Flow report for lab8
Thu Nov 17 16:22:52 2016
Quartus II 64-Bit Version 15.0.0 Build 145 04/22/2015 SJ Full Version


---------------------
; Table of Contents ;
---------------------
  1. Legal Notice
  2. Flow Summary
  3. Flow Settings
  4. Flow Non-Default Global Settings
  5. Flow Elapsed Time
  6. Flow OS Summary
  7. Flow Log
  8. Flow Messages
  9. Flow Suppressed Messages



----------------
; Legal Notice ;
----------------
Copyright (C) 1991-2015 Altera Corporation. All rights reserved.
Your use of Altera Corporation's design tools, logic functions 
and other software and tools, and its AMPP partner logic 
functions, and any output files from any of the foregoing 
(including device programming or simulation files), and any 
associated documentation or information are expressly subject 
to the terms and conditions of the Altera Program License 
Subscription Agreement, the Altera Quartus II License Agreement,
the Altera MegaCore Function License Agreement, or other 
applicable license agreement, including, without limitation, 
that your use is for the sole purpose of programming logic 
devices manufactured by Altera and sold by Altera or its 
authorized distributors.  Please refer to the applicable 
agreement for further details.



+----------------------------------------------------------------------------------+
; Flow Summary                                                                     ;
+------------------------------------+---------------------------------------------+
; Flow Status                        ; Successful - Thu Nov 17 16:22:52 2016       ;
; Quartus II 64-Bit Version          ; 15.0.0 Build 145 04/22/2015 SJ Full Version ;
; Revision Name                      ; lab8                                        ;
; Top-level Entity Name              ; lab8                                        ;
; Family                             ; Cyclone IV E                                ;
; Device                             ; EP4CE115F29C7                               ;
; Timing Models                      ; Final                                       ;
; Total logic elements               ; 3,333 / 114,480 ( 3 % )                     ;
;     Total combinational functions  ; 2,823 / 114,480 ( 2 % )                     ;
;     Dedicated logic registers      ; 2,047 / 114,480 ( 2 % )                     ;
; Total registers                    ; 2116                                        ;
; Total pins                         ; 156 / 529 ( 29 % )                          ;
; Total virtual pins                 ; 0                                           ;
; Total memory bits                  ; 11,392 / 3,981,312 ( < 1 % )                ;
; Embedded Multiplier 9-bit elements ; 0 / 532 ( 0 % )                             ;
; Total PLLs                         ; 1 / 4 ( 25 % )                              ;
+------------------------------------+---------------------------------------------+


+-----------------------------------------+
; Flow Settings                           ;
+-------------------+---------------------+
; Option            ; Setting             ;
+-------------------+---------------------+
; Start date & time ; 11/17/2016 16:14:44 ;
; Main task         ; Compilation         ;
; Revision Name     ; lab8                ;
+-------------------+---------------------+


+---------------------------------------------------------------------------------------------------------------------------------------------------------+
; Flow Non-Default Global Settings                                                                                                                        ;
+--------------------------------------+---------------------------------------------------------------+---------------+-----------------+----------------+
; Assignment Name                      ; Value                                                         ; Default Value ; Entity Name     ; Section Id     ;
+--------------------------------------+---------------------------------------------------------------+---------------+-----------------+----------------+
; COMPILER_SIGNATURE_ID                ; 48549626187468.147942088305568                                ; --            ; --              ; --             ;
; EDA_DESIGN_INSTANCE_NAME             ; NA                                                            ; --            ; --              ; testbench      ;
; EDA_NATIVELINK_SIMULATION_TEST_BENCH ; testbench                                                     ; --            ; --              ; eda_simulation ;
; EDA_OUTPUT_DATA_FORMAT               ; Systemverilog Hdl                                             ; --            ; --              ; eda_simulation ;
; EDA_SIMULATION_RUN_SCRIPT            ; testbench.sv                                                  ; --            ; --              ; eda_simulation ;
; EDA_SIMULATION_TOOL                  ; ModelSim-Altera (SystemVerilog)                               ; <None>        ; --              ; --             ;
; EDA_TEST_BENCH_ENABLE_STATUS         ; TEST_BENCH_MODE                                               ; --            ; --              ; eda_simulation ;
; EDA_TEST_BENCH_FILE                  ; testbench.sv                                                  ; --            ; --              ; testbench      ;
; EDA_TEST_BENCH_MODULE_NAME           ; testbench                                                     ; --            ; --              ; testbench      ;
; EDA_TEST_BENCH_NAME                  ; testbench                                                     ; --            ; --              ; eda_simulation ;
; EDA_TEST_BENCH_RUN_SIM_FOR           ; 1000 ns                                                       ; --            ; --              ; testbench      ;
; EDA_TIME_SCALE                       ; 1 ps                                                          ; --            ; --              ; eda_simulation ;
; FLOW_ENABLE_POWER_ANALYZER           ; On                                                            ; Off           ; --              ; --             ;
; MAX_CORE_JUNCTION_TEMP               ; 85                                                            ; --            ; --              ; --             ;
; MIN_CORE_JUNCTION_TEMP               ; 0                                                             ; --            ; --              ; --             ;
; MISC_FILE                            ; nios_system/synthesis/../nios_system.cmp                      ; --            ; --              ; --             ;
; MISC_FILE                            ; nios_system/synthesis/../../nios_system.qsys                  ; --            ; --              ; --             ;
; PARTITION_COLOR                      ; 16764057                                                      ; --            ; DE2_115_Default ; Top            ;
; PARTITION_COLOR                      ; 16764057                                                      ; --            ; --              ; Top            ;
; PARTITION_FITTER_PRESERVATION_LEVEL  ; PLACEMENT_AND_ROUTING                                         ; --            ; DE2_115_Default ; Top            ;
; PARTITION_FITTER_PRESERVATION_LEVEL  ; PLACEMENT_AND_ROUTING                                         ; --            ; --              ; Top            ;
; PARTITION_NETLIST_TYPE               ; SOURCE                                                        ; --            ; DE2_115_Default ; Top            ;
; PARTITION_NETLIST_TYPE               ; SOURCE                                                        ; --            ; --              ; Top            ;
; POWER_BOARD_THERMAL_MODEL            ; None (CONSERVATIVE)                                           ; --            ; --              ; --             ;
; POWER_DEFAULT_INPUT_IO_TOGGLE_RATE   ; 12.5 %                                                        ; 12.5%         ; --              ; --             ;
; POWER_PRESET_COOLING_SOLUTION        ; 23 MM HEAT SINK WITH 200 LFPM AIRFLOW                         ; --            ; --              ; --             ;
; SLD_FILE                             ; nios_system/synthesis/nios_system.regmap                      ; --            ; --              ; --             ;
; SLD_FILE                             ; nios_system/synthesis/nios_system.debuginfo                   ; --            ; --              ; --             ;
; SLD_INFO                             ; QSYS_NAME nios_system HAS_SOPCINFO 1 GENERATION_ID 1476641584 ; --            ; nios_system     ; --             ;
; SOPCINFO_FILE                        ; nios_system/synthesis/../../nios_system.sopcinfo              ; --            ; --              ; --             ;
; SYNTHESIS_ONLY_QIP                   ; On                                                            ; --            ; --              ; --             ;
+--------------------------------------+---------------------------------------------------------------+---------------+-----------------+----------------+


+-------------------------------------------------------------------------------------------------------------------------------+
; Flow Elapsed Time                                                                                                             ;
+---------------------------+--------------+-------------------------+---------------------+------------------------------------+
; Module Name               ; Elapsed Time ; Average Processors Used ; Peak Virtual Memory ; Total CPU Time (on all processors) ;
+---------------------------+--------------+-------------------------+---------------------+------------------------------------+
; Analysis & Synthesis      ; 00:01:45     ; 1.0                     ; 875 MB              ; 00:01:05                           ;
; Fitter                    ; 00:00:56     ; 1.3                     ; 1770 MB             ; 00:00:35                           ;
; Assembler                 ; 00:00:23     ; 1.0                     ; 634 MB              ; 00:00:06                           ;
; PowerPlay Power Analyzer  ; 00:00:21     ; 1.2                     ; 805 MB              ; 00:00:13                           ;
; TimeQuest Timing Analyzer ; 00:00:25     ; 1.0                     ; 841 MB              ; 00:00:05                           ;
; EDA Netlist Writer        ; 00:03:00     ; 1.0                     ; 644 MB              ; 00:00:08                           ;
; Total                     ; 00:06:50     ; --                      ; --                  ; 00:02:12                           ;
+---------------------------+--------------+-------------------------+---------------------+------------------------------------+


+----------------------------------------------------------------------------------------+
; Flow OS Summary                                                                        ;
+---------------------------+------------------+-----------+------------+----------------+
; Module Name               ; Machine Hostname ; OS Name   ; OS Version ; Processor type ;
+---------------------------+------------------+-----------+------------+----------------+
; Analysis & Synthesis      ; ECEB-4072-17     ; Windows 7 ; 6.1        ; x86_64         ;
; Fitter                    ; ECEB-4072-17     ; Windows 7 ; 6.1        ; x86_64         ;
; Assembler                 ; ECEB-4072-17     ; Windows 7 ; 6.1        ; x86_64         ;
; PowerPlay Power Analyzer  ; ECEB-4072-17     ; Windows 7 ; 6.1        ; x86_64         ;
; TimeQuest Timing Analyzer ; ECEB-4072-17     ; Windows 7 ; 6.1        ; x86_64         ;
; EDA Netlist Writer        ; ECEB-4072-17     ; Windows 7 ; 6.1        ; x86_64         ;
+---------------------------+------------------+-----------+------------+----------------+


------------
; Flow Log ;
------------
quartus_map --read_settings_files=on --write_settings_files=off lab8 -c lab8
quartus_fit --read_settings_files=off --write_settings_files=off lab8 -c lab8
quartus_asm --read_settings_files=off --write_settings_files=off lab8 -c lab8
quartus_pow --read_settings_files=off --write_settings_files=off lab8 -c lab8
quartus_sta lab8 -c lab8
quartus_eda --read_settings_files=off --write_settings_files=off lab8 -c lab8



