This is pdfTeX, Version 3.1415926-2.5-1.40.14 (TeX Live 2013) (format=pdflatex 2017.1.16)  27 MAR 2017 22:03
entering extended mode
 restricted \write18 enabled.
 %&-line parsing enabled.
**jhutter2.tex
(./jhutter2.tex
LaTeX2e <2011/06/27>
Babel <v3.8m> and hyphenation patterns for english, dumylang, nohyphenation, lo
aded.
(/usr/share/texlive/texmf-dist/tex/latex/base/article.cls
Document Class: article 2007/10/19 v1.4h Standard LaTeX document class
(/usr/share/texlive/texmf-dist/tex/latex/base/size10.clo
File: size10.clo 2007/10/19 v1.4h Standard LaTeX file (size option)
)
\c@part=\count79
\c@section=\count80
\c@subsection=\count81
\c@subsubsection=\count82
\c@paragraph=\count83
\c@subparagraph=\count84
\c@figure=\count85
\c@table=\count86
\abovecaptionskip=\skip41
\belowcaptionskip=\skip42
\bibindent=\dimen102
)
(/usr/share/texlive/texmf-dist/tex/latex/listings/listings.sty
(/usr/share/texlive/texmf-dist/tex/latex/graphics/keyval.sty
Package: keyval 1999/03/16 v1.13 key=value parser (DPC)
\KV@toks@=\toks14
)
\lst@mode=\count87
\lst@gtempboxa=\box26
\lst@token=\toks15
\lst@length=\count88
\lst@currlwidth=\dimen103
\lst@column=\count89
\lst@pos=\count90
\lst@lostspace=\dimen104
\lst@width=\dimen105
\lst@newlines=\count91
\lst@lineno=\count92
\lst@maxwidth=\dimen106

(/usr/share/texlive/texmf-dist/tex/latex/listings/lstmisc.sty
File: lstmisc.sty 2007/02/22 1.4 (Carsten Heinz)
\c@lstnumber=\count93
\lst@skipnumbers=\count94
\lst@framebox=\box27
)
(/usr/share/texlive/texmf-dist/tex/latex/listings/listings.cfg
File: listings.cfg 2007/02/22 1.4 listings configuration
))
Package: listings 2007/02/22 1.4 (Carsten Heinz)

(/usr/share/texlive/texmf-dist/tex/latex/graphics/graphicx.sty
Package: graphicx 1999/02/16 v1.0f Enhanced LaTeX Graphics (DPC,SPQR)

(/usr/share/texlive/texmf-dist/tex/latex/graphics/graphics.sty
Package: graphics 2009/02/05 v1.0o Standard LaTeX Graphics (DPC,SPQR)

(/usr/share/texlive/texmf-dist/tex/latex/graphics/trig.sty
Package: trig 1999/03/16 v1.09 sin cos tan (DPC)
)
(/usr/share/texlive/texmf-dist/tex/latex/latexconfig/graphics.cfg
File: graphics.cfg 2010/04/23 v1.9 graphics configuration of TeX Live
)
Package graphics Info: Driver file: pdftex.def on input line 91.

(/usr/share/texlive/texmf-dist/tex/latex/pdftex-def/pdftex.def
File: pdftex.def 2011/05/27 v0.06d Graphics/color for pdfTeX

(/usr/share/texlive/texmf-dist/tex/generic/oberdiek/infwarerr.sty
Package: infwarerr 2010/04/08 v1.3 Providing info/warning/error messages (HO)
)
(/usr/share/texlive/texmf-dist/tex/generic/oberdiek/ltxcmds.sty
Package: ltxcmds 2011/11/09 v1.22 LaTeX kernel commands for general use (HO)
)
\Gread@gobject=\count95
))
\Gin@req@height=\dimen107
\Gin@req@width=\dimen108
)
(/usr/share/texlive/texmf-dist/tex/latex/graphics/color.sty
Package: color 2005/11/14 v1.0j Standard LaTeX Color (DPC)

(/usr/share/texlive/texmf-dist/tex/latex/latexconfig/color.cfg
File: color.cfg 2007/01/18 v1.5 color configuration of teTeX/TeXLive
)
Package color Info: Driver file: pdftex.def on input line 130.
)
(/usr/share/texlive/texmf-dist/tex/latex/listings/lstlang1.sty
File: lstlang1.sty 2004/09/05 1.3 listings language file
) (./jhutter2.aux)
\openout1 = `jhutter2.aux'.

LaTeX Font Info:    Checking defaults for OML/cmm/m/it on input line 41.
LaTeX Font Info:    ... okay on input line 41.
LaTeX Font Info:    Checking defaults for T1/cmr/m/n on input line 41.
LaTeX Font Info:    ... okay on input line 41.
LaTeX Font Info:    Checking defaults for OT1/cmr/m/n on input line 41.
LaTeX Font Info:    ... okay on input line 41.
LaTeX Font Info:    Checking defaults for OMS/cmsy/m/n on input line 41.
LaTeX Font Info:    ... okay on input line 41.
LaTeX Font Info:    Checking defaults for OMX/cmex/m/n on input line 41.
LaTeX Font Info:    ... okay on input line 41.
LaTeX Font Info:    Checking defaults for U/cmr/m/n on input line 41.
LaTeX Font Info:    ... okay on input line 41.
\c@lstlisting=\count96
 (/usr/share/texlive/texmf-dist/tex/context/base/supp-pdf.mkii
[Loading MPS to PDF converter (version 2006.09.02).]
\scratchcounter=\count97
\scratchdimen=\dimen109
\scratchbox=\box28
\nofMPsegments=\count98
\nofMParguments=\count99
\everyMPshowfont=\toks16
\MPscratchCnt=\count100
\MPscratchDim=\dimen110
\MPnumerator=\count101
\makeMPintoPDFobject=\count102
\everyMPtoPDFconversion=\toks17
) (/usr/share/texlive/texmf-dist/tex/generic/oberdiek/pdftexcmds.sty
Package: pdftexcmds 2011/11/29 v0.20 Utility functions of pdfTeX for LuaTeX (HO
)

(/usr/share/texlive/texmf-dist/tex/generic/oberdiek/ifluatex.sty
Package: ifluatex 2010/03/01 v1.3 Provides the ifluatex switch (HO)
Package ifluatex Info: LuaTeX not detected.
)
(/usr/share/texlive/texmf-dist/tex/generic/oberdiek/ifpdf.sty
Package: ifpdf 2011/01/30 v2.3 Provides the ifpdf switch (HO)
Package ifpdf Info: pdfTeX in PDF mode is detected.
)
Package pdftexcmds Info: LuaTeX not detected.
Package pdftexcmds Info: \pdf@primitive is available.
Package pdftexcmds Info: \pdf@ifprimitive is available.
Package pdftexcmds Info: \pdfdraftmode found.
)
(/usr/share/texlive/texmf-dist/tex/latex/oberdiek/epstopdf-base.sty
Package: epstopdf-base 2010/02/09 v2.5 Base part for package epstopdf

(/usr/share/texlive/texmf-dist/tex/latex/oberdiek/grfext.sty
Package: grfext 2010/08/19 v1.1 Manage graphics extensions (HO)

(/usr/share/texlive/texmf-dist/tex/generic/oberdiek/kvdefinekeys.sty
Package: kvdefinekeys 2011/04/07 v1.3 Define keys (HO)
))
(/usr/share/texlive/texmf-dist/tex/latex/oberdiek/kvoptions.sty
Package: kvoptions 2011/06/30 v3.11 Key value format for package options (HO)

(/usr/share/texlive/texmf-dist/tex/generic/oberdiek/kvsetkeys.sty
Package: kvsetkeys 2012/04/25 v1.16 Key value parser (HO)

(/usr/share/texlive/texmf-dist/tex/generic/oberdiek/etexcmds.sty
Package: etexcmds 2011/02/16 v1.5 Avoid name clashes with e-TeX commands (HO)
Package etexcmds Info: Could not find \expanded.
(etexcmds)             That can mean that you are not using pdfTeX 1.50 or
(etexcmds)             that some package has redefined \expanded.
(etexcmds)             In the latter case, load this package earlier.
)))
Package grfext Info: Graphics extension search list:
(grfext)             [.png,.pdf,.jpg,.mps,.jpeg,.jbig2,.jb2,.PNG,.PDF,.JPG,.JPE
G,.JBIG2,.JB2,.eps]
(grfext)             \AppendGraphicsExtensions on input line 452.

(/usr/share/texlive/texmf-dist/tex/latex/latexconfig/epstopdf-sys.cfg
File: epstopdf-sys.cfg 2010/07/13 v1.3 Configuration of (r)epstopdf for TeX Liv
e
))
LaTeX Font Info:    External font `cmex10' loaded for size
(Font)              <12> on input line 42.
LaTeX Font Info:    External font `cmex10' loaded for size
(Font)              <8> on input line 42.
LaTeX Font Info:    External font `cmex10' loaded for size
(Font)              <6> on input line 42.
LaTeX Font Info:    External font `cmex10' loaded for size
(Font)              <7> on input line 44.
LaTeX Font Info:    External font `cmex10' loaded for size
(Font)              <5> on input line 44.

(/usr/share/texlive/texmf-dist/tex/latex/listings/lstlang1.sty
File: lstlang1.sty 2004/09/05 1.3 listings language file
) (./filters.m
LaTeX Font Info:    Try loading font information for OMS+cmr on input line 2.

(/usr/share/texlive/texmf-dist/tex/latex/base/omscmr.fd
File: omscmr.fd 1999/05/25 v2.5h Standard LaTeX font definitions
)
LaTeX Font Info:    Font shape `OMS/cmr/m/n' in size <8> not available
(Font)              Font shape `OMS/cmsy/m/n' tried instead on input line 2.
 [1

{/usr/share/texlive/texmf/fonts/map/pdftex/updmap/pdftex.map}])
<1_lpf_20.jpg, id=13, 585.18625pt x 438.63875pt>
File: 1_lpf_20.jpg Graphic file (type jpg)
 <use 1_lpf_20.jpg>
Package pdftex.def Info: 1_lpf_20.jpg used on input line 48.
(pdftex.def)             Requested size: 292.5924pt x 219.31883pt.

<1_lpf_40.jpg, id=14, 585.18625pt x 438.63875pt>
File: 1_lpf_40.jpg Graphic file (type jpg)
 <use 1_lpf_40.jpg>
Package pdftex.def Info: 1_lpf_40.jpg used on input line 49.
(pdftex.def)             Requested size: 292.5924pt x 219.31883pt.

Underfull \hbox (badness 10000) in paragraph at lines 48--51
[][]
 []

<1_hpf_20.jpg, id=15, 585.18625pt x 438.63875pt>
File: 1_hpf_20.jpg Graphic file (type jpg)
 <use 1_hpf_20.jpg>
Package pdftex.def Info: 1_hpf_20.jpg used on input line 54.
(pdftex.def)             Requested size: 292.5924pt x 219.31883pt.

<1_hpf_40.jpg, id=16, 585.18625pt x 438.63875pt>
File: 1_hpf_40.jpg Graphic file (type jpg)
 <use 1_hpf_40.jpg>
Package pdftex.def Info: 1_hpf_40.jpg used on input line 55.
(pdftex.def)             Requested size: 292.5924pt x 219.31883pt.

Underfull \hbox (badness 10000) in paragraph at lines 54--56
[][]
 []

<1_bpf_20.jpg, id=17, 585.18625pt x 438.63875pt>
File: 1_bpf_20.jpg Graphic file (type jpg)
 <use 1_bpf_20.jpg>
Package pdftex.def Info: 1_bpf_20.jpg used on input line 58.
(pdftex.def)             Requested size: 292.5924pt x 219.31883pt.

<1_bpf_40.jpg, id=18, 585.18625pt x 438.63875pt>
File: 1_bpf_40.jpg Graphic file (type jpg)
 <use 1_bpf_40.jpg>
Package pdftex.def Info: 1_bpf_40.jpg used on input line 59.
(pdftex.def)             Requested size: 292.5924pt x 219.31883pt.

Underfull \hbox (badness 10000) in paragraph at lines 58--60
[][]
 []

(./impresp.m) <report2.jpg, id=19, 585.18625pt x 438.63875pt>
File: report2.jpg Graphic file (type jpg)

<use report2.jpg>
Package pdftex.def Info: report2.jpg used on input line 68.
(pdftex.def)             Requested size: 292.5924pt x 219.31883pt.


LaTeX Warning: Float too large for page by 63.02388pt on input line 70.

(./FIR_FILTER.m
LaTeX Font Info:    Try loading font information for OML+cmr on input line 7.
 (/usr/share/texlive/texmf-dist/tex/latex/base/omlcmr.fd
File: omlcmr.fd 1999/05/25 v2.5h Standard LaTeX font definitions
)
LaTeX Font Info:    Font shape `OML/cmr/m/n' in size <8> not available
(Font)              Font shape `OML/cmm/m/it' tried instead on input line 7.
)
<report3.jpg, id=20, 585.18625pt x 438.63875pt>
File: report3.jpg Graphic file (type jpg)
 <use report3.jpg>
Package pdftex.def Info: report3.jpg used on input line 77.
(pdftex.def)             Requested size: 292.5924pt x 219.31883pt.


LaTeX Warning: Float too large for page by 61.07944pt on input line 79.

(./report4.m) <report4.jpg, id=21, 562.1pt x 421.575pt>
File: report4.jpg Graphic file (type jpg)
 <use report4.jpg>
Package pdftex.def Info: report4.jpg used on input line 86.
(pdftex.def)             Requested size: 281.04932pt x 210.78697pt.

<report4i.jpg, id=22, 562.1pt x 421.575pt>
File: report4i.jpg Graphic file (type jpg)
 <use report4i.jpg>
Package pdftex.def Info: report4i.jpg used on input line 87.
(pdftex.def)             Requested size: 281.04932pt x 210.78697pt.

Underfull \hbox (badness 10000) in paragraph at lines 86--88
[]
 []


LaTeX Warning: Float too large for page by 30.77931pt on input line 88.

(./mySTDFT.m) <report5.jpg, id=23, 562.1pt x 421.575pt>
File: report5.jpg Graphic file (type jpg)
 <use report5.jpg>
Package pdftex.def Info: report5.jpg used on input line 95.
(pdftex.def)             Requested size: 281.04932pt x 210.78697pt.

<report5_2.jpg, id=24, 562.1pt x 421.575pt>
File: report5_2.jpg Graphic file (type jpg)
 <use report5_2.jpg>
Package pdftex.def Info: report5_2.jpg used on input line 96.
(pdftex.def)             Requested size: 281.04932pt x 210.78697pt.

Underfull \hbox (badness 10000) in paragraph at lines 95--97
[]
 []


LaTeX Warning: Float too large for page by 116.27917pt on input line 97.


! LaTeX Error: There's no line here to end.

See the LaTeX manual or LaTeX Companion for explanation.
Type  H <return>  for immediate help.
 ...                                              
                                                  
l.99 \\B
        y the spectrogram we can see that(M = 5) there are frequencies rangi...

? 
! Missing } inserted.
<inserted text> 
                }
l.99 ...ble. Note that $N\Delta t = \frac{1/fmin}$
                                                  , increasing N will decrea...

? 
! Extra }, or forgotten \endgroup.
\@endfloatbox ...pagefalse \outer@nobreak \egroup 
                                                  \color@endbox 
l.100 \end{figure}
                  
? 
(./report6.m)

! LaTeX Error: There's no line here to end.

See the LaTeX manual or LaTeX Companion for explanation.
Type  H <return>  for immediate help.
 ...                                              
                                                  
l.107 \\ T
          he audio file when played at real time is 15 seconds.
? 
<report6_1.jpg, id=25, 585.18625pt x 438.63875pt>
File: report6_1.jpg Graphic file (type jpg)
 <use report6_1.jpg>
Package pdftex.def Info: report6_1.jpg used on input line 112.
(pdftex.def)             Requested size: 292.5924pt x 219.31883pt.

<report6_2.jpg, id=26, 562.1pt x 421.575pt>
File: report6_2.jpg Graphic file (type jpg)
 <use report6_2.jpg>
Package pdftex.def Info: report6_2.jpg used on input line 113.
(pdftex.def)             Requested size: 281.04932pt x 210.78697pt.

Underfull \hbox (badness 10000) in paragraph at lines 111--114
[]\OT1/cmr/m/n/10 Before fil-ter, I used para-maters $\OML/cmm/m/it/10 M \OT1/c
mr/m/n/10 = 5000$, $\OML/cmm/m/it/10 P \OT1/cmr/m/n/10 = 1024$,
 []


Underfull \hbox (badness 4927) in paragraph at lines 111--114
\OML/cmm/m/it/10 D \OT1/cmr/m/n/10 = 5$. The sig-nal and sam-pling fre-quency a
re given to us.
 []


Underfull \hbox (badness 10000) in paragraph at lines 111--114
[]
 []

<report6_3.jpg, id=27, 585.18625pt x 438.63875pt>
File: report6_3.jpg Graphic file (type jpg)
 <use report6_3.jpg>
Package pdftex.def Info: report6_3.jpg used on input line 117.
(pdftex.def)             Requested size: 292.5924pt x 219.31883pt.

<report6_4.jpg, id=28, 562.1pt x 421.575pt>
File: report6_4.jpg Graphic file (type jpg)
 <use report6_4.jpg>
Package pdftex.def Info: report6_4.jpg used on input line 118.
(pdftex.def)             Requested size: 281.04932pt x 210.78697pt.

Underfull \hbox (badness 10000) in paragraph at lines 117--120
[][]
 []

(./report7.m) <report7_1.jpg, id=29, 585.18625pt x 438.63875pt>
File: report7_1.jpg Graphic file (type jpg)

<use report7_1.jpg>
Package pdftex.def Info: report7_1.jpg used on input line 130.
(pdftex.def)             Requested size: 292.5924pt x 219.31883pt.
 <report7_2.jpg, id=30, 562.1pt x 421.575pt>
File: report7_2.jpg Graphic file (type jpg)

<use report7_2.jpg>
Package pdftex.def Info: report7_2.jpg used on input line 131.
(pdftex.def)             Requested size: 281.04932pt x 210.78697pt.

Underfull \hbox (badness 10000) in paragraph at lines 130--134
[][]
 []

<report7_3.jpg, id=31, 585.18625pt x 438.63875pt>
File: report7_3.jpg Graphic file (type jpg)
 <use report7_3.jpg>
Package pdftex.def Info: report7_3.jpg used on input line 137.
(pdftex.def)             Requested size: 292.5924pt x 219.31883pt.

<report7_4.jpg, id=32, 562.1pt x 421.575pt>
File: report7_4.jpg Graphic file (type jpg)
 <use report7_4.jpg>
Package pdftex.def Info: report7_4.jpg used on input line 138.
(pdftex.def)             Requested size: 281.04932pt x 210.78697pt.

Underfull \hbox (badness 10000) in paragraph at lines 137--141
[][]
 []

(./report8.m) [2] [3 <./1_lpf_20.jpg> <./1_lpf_40.jpg>] [4 <./1_hpf_20.jpg> <./
1_hpf_40.jpg>] [5 <./1_bpf_20.jpg> <./1_bpf_40.jpg>] [6 <./report2.jpg>]
[7 <./report3.jpg>] [8 <./report4.jpg> <./report4i.jpg>] [9 <./report5.jpg> <./
report5_2.jpg>] [10] [11 <./report6_1.jpg> <./report6_2.jpg>] [12 <./report6_3.
jpg> <./report6_4.jpg>] [13] [14 <./report7_1.jpg> <./report7_2.jpg>] [15 <./re
port7_3.jpg> <./report7_4.jpg>] [16] (./jhutter2.aux) ) 
Here is how much of TeX's memory you used:
 3555 strings out of 495063
 49579 string characters out of 3182201
 905202 words of memory out of 3000000
 6676 multiletter control sequences out of 15000+200000
 6983 words of font info for 25 fonts, out of 3000000 for 9000
 14 hyphenation exceptions out of 8191
 38i,7n,39p,534b,2088s stack positions out of 5000i,500n,10000p,200000b,50000s
</usr/share/texlive/texm
f-dist/fonts/type1/public/amsfonts/cm/cmbx10.pfb></usr/share/texlive/texmf-dist
/fonts/type1/public/amsfonts/cm/cmmi10.pfb></usr/share/texlive/texmf-dist/fonts
/type1/public/amsfonts/cm/cmmi7.pfb></usr/share/texlive/texmf-dist/fonts/type1/
public/amsfonts/cm/cmmi8.pfb></usr/share/texlive/texmf-dist/fonts/type1/public/
amsfonts/cm/cmr10.pfb></usr/share/texlive/texmf-dist/fonts/type1/public/amsfont
s/cm/cmr12.pfb></usr/share/texlive/texmf-dist/fonts/type1/public/amsfonts/cm/cm
r17.pfb></usr/share/texlive/texmf-dist/fonts/type1/public/amsfonts/cm/cmr5.pfb>
</usr/share/texlive/texmf-dist/fonts/type1/public/amsfonts/cm/cmr7.pfb></usr/sh
are/texlive/texmf-dist/fonts/type1/public/amsfonts/cm/cmr8.pfb></usr/share/texl
ive/texmf-dist/fonts/type1/public/amsfonts/cm/cmsy8.pfb>
Output written on jhutter2.pdf (16 pages, 636583 bytes).
PDF statistics:
 120 PDF objects out of 1000 (max. 8388607)
 70 compressed objects within 1 object stream
 0 named destinations out of 1000 (max. 500000)
 101 words of extra memory for PDF output out of 10000 (max. 10000000)

