This is pdfTeX, Version 3.1415926-2.5-1.40.14 (TeX Live 2013) (format=pdflatex 2017.1.16)  6 MAR 2017 00:23
entering extended mode
 restricted \write18 enabled.
 %&-line parsing enabled.
**jhutter2.tex
(./jhutter2.tex
LaTeX2e <2011/06/27>
Babel <v3.8m> and hyphenation patterns for english, dumylang, nohyphenation, lo
aded.
(/usr/share/texlive/texmf-dist/tex/latex/base/article.cls
Document Class: article 2007/10/19 v1.4h Standard LaTeX document class
(/usr/share/texlive/texmf-dist/tex/latex/base/size10.clo
File: size10.clo 2007/10/19 v1.4h Standard LaTeX file (size option)
)
\c@part=\count79
\c@section=\count80
\c@subsection=\count81
\c@subsubsection=\count82
\c@paragraph=\count83
\c@subparagraph=\count84
\c@figure=\count85
\c@table=\count86
\abovecaptionskip=\skip41
\belowcaptionskip=\skip42
\bibindent=\dimen102
)
(/usr/share/texlive/texmf-dist/tex/latex/listings/listings.sty
(/usr/share/texlive/texmf-dist/tex/latex/graphics/keyval.sty
Package: keyval 1999/03/16 v1.13 key=value parser (DPC)
\KV@toks@=\toks14
)
\lst@mode=\count87
\lst@gtempboxa=\box26
\lst@token=\toks15
\lst@length=\count88
\lst@currlwidth=\dimen103
\lst@column=\count89
\lst@pos=\count90
\lst@lostspace=\dimen104
\lst@width=\dimen105
\lst@newlines=\count91
\lst@lineno=\count92
\lst@maxwidth=\dimen106

(/usr/share/texlive/texmf-dist/tex/latex/listings/lstmisc.sty
File: lstmisc.sty 2007/02/22 1.4 (Carsten Heinz)
\c@lstnumber=\count93
\lst@skipnumbers=\count94
\lst@framebox=\box27
)
(/usr/share/texlive/texmf-dist/tex/latex/listings/listings.cfg
File: listings.cfg 2007/02/22 1.4 listings configuration
))
Package: listings 2007/02/22 1.4 (Carsten Heinz)

(/usr/share/texlive/texmf-dist/tex/latex/graphics/graphicx.sty
Package: graphicx 1999/02/16 v1.0f Enhanced LaTeX Graphics (DPC,SPQR)

(/usr/share/texlive/texmf-dist/tex/latex/graphics/graphics.sty
Package: graphics 2009/02/05 v1.0o Standard LaTeX Graphics (DPC,SPQR)

(/usr/share/texlive/texmf-dist/tex/latex/graphics/trig.sty
Package: trig 1999/03/16 v1.09 sin cos tan (DPC)
)
(/usr/share/texlive/texmf-dist/tex/latex/latexconfig/graphics.cfg
File: graphics.cfg 2010/04/23 v1.9 graphics configuration of TeX Live
)
Package graphics Info: Driver file: pdftex.def on input line 91.

(/usr/share/texlive/texmf-dist/tex/latex/pdftex-def/pdftex.def
File: pdftex.def 2011/05/27 v0.06d Graphics/color for pdfTeX

(/usr/share/texlive/texmf-dist/tex/generic/oberdiek/infwarerr.sty
Package: infwarerr 2010/04/08 v1.3 Providing info/warning/error messages (HO)
)
(/usr/share/texlive/texmf-dist/tex/generic/oberdiek/ltxcmds.sty
Package: ltxcmds 2011/11/09 v1.22 LaTeX kernel commands for general use (HO)
)
\Gread@gobject=\count95
))
\Gin@req@height=\dimen107
\Gin@req@width=\dimen108
)
(/usr/share/texlive/texmf-dist/tex/latex/graphics/color.sty
Package: color 2005/11/14 v1.0j Standard LaTeX Color (DPC)

(/usr/share/texlive/texmf-dist/tex/latex/latexconfig/color.cfg
File: color.cfg 2007/01/18 v1.5 color configuration of teTeX/TeXLive
)
Package color Info: Driver file: pdftex.def on input line 130.
)
(/usr/share/texlive/texmf-dist/tex/latex/listings/lstlang1.sty
File: lstlang1.sty 2004/09/05 1.3 listings language file
) (./jhutter2.aux)
\openout1 = `jhutter2.aux'.

LaTeX Font Info:    Checking defaults for OML/cmm/m/it on input line 41.
LaTeX Font Info:    ... okay on input line 41.
LaTeX Font Info:    Checking defaults for T1/cmr/m/n on input line 41.
LaTeX Font Info:    ... okay on input line 41.
LaTeX Font Info:    Checking defaults for OT1/cmr/m/n on input line 41.
LaTeX Font Info:    ... okay on input line 41.
LaTeX Font Info:    Checking defaults for OMS/cmsy/m/n on input line 41.
LaTeX Font Info:    ... okay on input line 41.
LaTeX Font Info:    Checking defaults for OMX/cmex/m/n on input line 41.
LaTeX Font Info:    ... okay on input line 41.
LaTeX Font Info:    Checking defaults for U/cmr/m/n on input line 41.
LaTeX Font Info:    ... okay on input line 41.
\c@lstlisting=\count96
 (/usr/share/texlive/texmf-dist/tex/context/base/supp-pdf.mkii
[Loading MPS to PDF converter (version 2006.09.02).]
\scratchcounter=\count97
\scratchdimen=\dimen109
\scratchbox=\box28
\nofMPsegments=\count98
\nofMParguments=\count99
\everyMPshowfont=\toks16
\MPscratchCnt=\count100
\MPscratchDim=\dimen110
\MPnumerator=\count101
\makeMPintoPDFobject=\count102
\everyMPtoPDFconversion=\toks17
) (/usr/share/texlive/texmf-dist/tex/generic/oberdiek/pdftexcmds.sty
Package: pdftexcmds 2011/11/29 v0.20 Utility functions of pdfTeX for LuaTeX (HO
)

(/usr/share/texlive/texmf-dist/tex/generic/oberdiek/ifluatex.sty
Package: ifluatex 2010/03/01 v1.3 Provides the ifluatex switch (HO)
Package ifluatex Info: LuaTeX not detected.
)
(/usr/share/texlive/texmf-dist/tex/generic/oberdiek/ifpdf.sty
Package: ifpdf 2011/01/30 v2.3 Provides the ifpdf switch (HO)
Package ifpdf Info: pdfTeX in PDF mode is detected.
)
Package pdftexcmds Info: LuaTeX not detected.
Package pdftexcmds Info: \pdf@primitive is available.
Package pdftexcmds Info: \pdf@ifprimitive is available.
Package pdftexcmds Info: \pdfdraftmode found.
)
(/usr/share/texlive/texmf-dist/tex/latex/oberdiek/epstopdf-base.sty
Package: epstopdf-base 2010/02/09 v2.5 Base part for package epstopdf

(/usr/share/texlive/texmf-dist/tex/latex/oberdiek/grfext.sty
Package: grfext 2010/08/19 v1.1 Manage graphics extensions (HO)

(/usr/share/texlive/texmf-dist/tex/generic/oberdiek/kvdefinekeys.sty
Package: kvdefinekeys 2011/04/07 v1.3 Define keys (HO)
))
(/usr/share/texlive/texmf-dist/tex/latex/oberdiek/kvoptions.sty
Package: kvoptions 2011/06/30 v3.11 Key value format for package options (HO)

(/usr/share/texlive/texmf-dist/tex/generic/oberdiek/kvsetkeys.sty
Package: kvsetkeys 2012/04/25 v1.16 Key value parser (HO)

(/usr/share/texlive/texmf-dist/tex/generic/oberdiek/etexcmds.sty
Package: etexcmds 2011/02/16 v1.5 Avoid name clashes with e-TeX commands (HO)
Package etexcmds Info: Could not find \expanded.
(etexcmds)             That can mean that you are not using pdfTeX 1.50 or
(etexcmds)             that some package has redefined \expanded.
(etexcmds)             In the latter case, load this package earlier.
)))
Package grfext Info: Graphics extension search list:
(grfext)             [.png,.pdf,.jpg,.mps,.jpeg,.jbig2,.jb2,.PNG,.PDF,.JPG,.JPE
G,.JBIG2,.JB2,.eps]
(grfext)             \AppendGraphicsExtensions on input line 452.

(/usr/share/texlive/texmf-dist/tex/latex/latexconfig/epstopdf-sys.cfg
File: epstopdf-sys.cfg 2010/07/13 v1.3 Configuration of (r)epstopdf for TeX Liv
e
))
LaTeX Font Info:    External font `cmex10' loaded for size
(Font)              <12> on input line 42.
LaTeX Font Info:    External font `cmex10' loaded for size
(Font)              <8> on input line 42.
LaTeX Font Info:    External font `cmex10' loaded for size
(Font)              <6> on input line 42.

! Undefined control sequence.
l.45 \Report
             Item 1
? 
(/usr/share/texlive/texmf-dist/tex/latex/listings/lstlang1.sty
File: lstlang1.sty 2004/09/05 1.3 listings language file
) (./myDFTConv.m
LaTeX Font Info:    External font `cmex10' loaded for size
(Font)              <5> on input line 4.
LaTeX Font Info:    Try loading font information for OMS+cmr on input line 9.

(/usr/share/texlive/texmf-dist/tex/latex/base/omscmr.fd
File: omscmr.fd 1999/05/25 v2.5h Standard LaTeX font definitions
)
LaTeX Font Info:    Font shape `OMS/cmr/m/n' in size <8> not available
(Font)              Font shape `OMS/cmsy/m/n' tried instead on input line 9.
)
<report1.jpg, id=1, 585.18625pt x 438.63875pt>
File: report1.jpg Graphic file (type jpg)
 <use report1.jpg>
Package pdftex.def Info: report1.jpg used on input line 47.
(pdftex.def)             Requested size: 292.5924pt x 219.31883pt.
LaTeX Font Info:    External font `cmex10' loaded for size
(Font)              <7> on input line 48.
 (./sys1.m)
<report2.jpg, id=2, 585.18625pt x 438.63875pt>
File: report2.jpg Graphic file (type jpg)
 <use report2.jpg>
Package pdftex.def Info: report2.jpg used on input line 56.
(pdftex.def)             Requested size: 292.5924pt x 219.31883pt.
 (./sys2.m)
<report3.jpg, id=3, 562.1pt x 421.575pt>
File: report3.jpg Graphic file (type jpg)
 <use report3.jpg>
Package pdftex.def Info: report3.jpg used on input line 66.
(pdftex.def)             Requested size: 281.04932pt x 210.78697pt.

<report3_2.jpg, id=4, 562.1pt x 421.575pt>
File: report3_2.jpg Graphic file (type jpg)
 <use report3_2.jpg>
Package pdftex.def Info: report3_2.jpg used on input line 68.
(pdftex.def)             Requested size: 281.04932pt x 210.78697pt.

Underfull \hbox (badness 1117) in paragraph at lines 66--71
\OT1/cmr/m/n/10 With $\OML/cmm/m/it/10 a \OT1/cmr/m/n/10 = 0\OML/cmm/m/it/10 :\
OT1/cmr/m/n/10 5$, the equa-tion is not lin-ear,causal,and is sta-ble be-cause
 []


LaTeX Warning: Float too large for page by 157.19589pt on input line 71.

<report4_1.png, id=5, 803.0pt x 401.5pt>
File: report4_1.png Graphic file (type png)
 <use report4_1.png>
Package pdftex.def Info: report4_1.png used on input line 75.
(pdftex.def)             Requested size: 401.49902pt x 200.7495pt.

<report4_2.png, id=7, 803.0pt x 401.5pt>
File: report4_2.png Graphic file (type png)
 <use report4_2.png>
Package pdftex.def Info: report4_2.png used on input line 77.
(pdftex.def)             Requested size: 401.49902pt x 200.7495pt.

Overfull \hbox (121.11021pt too wide) in paragraph at lines 74--79
[] \OT1/cmr/m/n/10 Re-port Item 4 []
 []


Overfull \hbox (56.49902pt too wide) in paragraph at lines 74--79
[]
 []

(./pzplot_impz.m) <report5_1.jpg, id=8, 562.1pt x 421.575pt>
File: report5_1.jpg Graphic file (type jpg)

<use report5_1.jpg>
Package pdftex.def Info: report5_1.jpg used on input line 84.
(pdftex.def)             Requested size: 281.04932pt x 210.78697pt.
 <report5_2.jpg, id=9, 562.1pt x 421.575pt>
File: report5_2.jpg Graphic file (type jpg)

<use report5_2.jpg>
Package pdftex.def Info: report5_2.jpg used on input line 90.
(pdftex.def)             Requested size: 281.04932pt x 210.78697pt.
 <report5_3.jpg, id=10, 562.1pt x 421.575pt>
File: report5_3.jpg Graphic file (type jpg)

<use report5_3.jpg>
Package pdftex.def Info: report5_3.jpg used on input line 95.
(pdftex.def)             Requested size: 281.04932pt x 210.78697pt.
 [1

{/usr/share/texlive/texmf/fonts/map/pdftex/updmap/pdftex.map}] [2 <./report1.jp
g>] [3 <./report2.jpg>] [4 <./report3.jpg> <./report3_2.jpg>] [5 <./report4_1.p
ng> <./report4_2.png>] [6 <./report5_1.jpg>] [7 <./report5_2.jpg> <./report5_3.
jpg>] (./jhutter2.aux) ) 
Here is how much of TeX's memory you used:
 3418 strings out of 495063
 47782 string characters out of 3182201
 356510 words of memory out of 3000000
 6565 multiletter control sequences out of 15000+200000
 6675 words of font info for 24 fonts, out of 3000000 for 9000
 14 hyphenation exceptions out of 8191
 38i,7n,39p,346b,1852s stack positions out of 5000i,500n,10000p,200000b,50000s
</usr/share/texlive/texmf-dist/fonts/type1/public/amsfo
nts/cm/cmmi10.pfb></usr/share/texlive/texmf-dist/fonts/type1/public/amsfonts/cm
/cmmi5.pfb></usr/share/texlive/texmf-dist/fonts/type1/public/amsfonts/cm/cmmi7.
pfb></usr/share/texlive/texmf-dist/fonts/type1/public/amsfonts/cm/cmr10.pfb></u
sr/share/texlive/texmf-dist/fonts/type1/public/amsfonts/cm/cmr12.pfb></usr/shar
e/texlive/texmf-dist/fonts/type1/public/amsfonts/cm/cmr17.pfb></usr/share/texli
ve/texmf-dist/fonts/type1/public/amsfonts/cm/cmr5.pfb></usr/share/texlive/texmf
-dist/fonts/type1/public/amsfonts/cm/cmr7.pfb></usr/share/texlive/texmf-dist/fo
nts/type1/public/amsfonts/cm/cmr8.pfb></usr/share/texlive/texmf-dist/fonts/type
1/public/amsfonts/cm/cmsy10.pfb></usr/share/texlive/texmf-dist/fonts/type1/publ
ic/amsfonts/cm/cmsy7.pfb></usr/share/texlive/texmf-dist/fonts/type1/public/amsf
onts/cm/cmsy8.pfb>
Output written on jhutter2.pdf (7 pages, 286415 bytes).
PDF statistics:
 88 PDF objects out of 1000 (max. 8388607)
 55 compressed objects within 1 object stream
 0 named destinations out of 1000 (max. 500000)
 46 words of extra memory for PDF output out of 10000 (max. 10000000)

