This is pdfTeX, Version 3.1415926-2.5-1.40.14 (TeX Live 2013) (format=pdflatex 2017.1.16)  24 APR 2017 00:10
entering extended mode
 restricted \write18 enabled.
 %&-line parsing enabled.
**jhutter2
(./jhutter2.tex
LaTeX2e <2011/06/27>
Babel <v3.8m> and hyphenation patterns for english, dumylang, nohyphenation, lo
aded.
(/usr/share/texlive/texmf-dist/tex/latex/base/article.cls
Document Class: article 2007/10/19 v1.4h Standard LaTeX document class
(/usr/share/texlive/texmf-dist/tex/latex/base/size10.clo
File: size10.clo 2007/10/19 v1.4h Standard LaTeX file (size option)
)
\c@part=\count79
\c@section=\count80
\c@subsection=\count81
\c@subsubsection=\count82
\c@paragraph=\count83
\c@subparagraph=\count84
\c@figure=\count85
\c@table=\count86
\abovecaptionskip=\skip41
\belowcaptionskip=\skip42
\bibindent=\dimen102
)
(/usr/share/texlive/texmf-dist/tex/latex/listings/listings.sty
(/usr/share/texlive/texmf-dist/tex/latex/graphics/keyval.sty
Package: keyval 1999/03/16 v1.13 key=value parser (DPC)
\KV@toks@=\toks14
)
\lst@mode=\count87
\lst@gtempboxa=\box26
\lst@token=\toks15
\lst@length=\count88
\lst@currlwidth=\dimen103
\lst@column=\count89
\lst@pos=\count90
\lst@lostspace=\dimen104
\lst@width=\dimen105
\lst@newlines=\count91
\lst@lineno=\count92
\lst@maxwidth=\dimen106

(/usr/share/texlive/texmf-dist/tex/latex/listings/lstmisc.sty
File: lstmisc.sty 2007/02/22 1.4 (Carsten Heinz)
\c@lstnumber=\count93
\lst@skipnumbers=\count94
\lst@framebox=\box27
)
(/usr/share/texlive/texmf-dist/tex/latex/listings/listings.cfg
File: listings.cfg 2007/02/22 1.4 listings configuration
))
Package: listings 2007/02/22 1.4 (Carsten Heinz)

(/usr/share/texlive/texmf-dist/tex/latex/graphics/graphicx.sty
Package: graphicx 1999/02/16 v1.0f Enhanced LaTeX Graphics (DPC,SPQR)

(/usr/share/texlive/texmf-dist/tex/latex/graphics/graphics.sty
Package: graphics 2009/02/05 v1.0o Standard LaTeX Graphics (DPC,SPQR)

(/usr/share/texlive/texmf-dist/tex/latex/graphics/trig.sty
Package: trig 1999/03/16 v1.09 sin cos tan (DPC)
)
(/usr/share/texlive/texmf-dist/tex/latex/latexconfig/graphics.cfg
File: graphics.cfg 2010/04/23 v1.9 graphics configuration of TeX Live
)
Package graphics Info: Driver file: pdftex.def on input line 91.

(/usr/share/texlive/texmf-dist/tex/latex/pdftex-def/pdftex.def
File: pdftex.def 2011/05/27 v0.06d Graphics/color for pdfTeX

(/usr/share/texlive/texmf-dist/tex/generic/oberdiek/infwarerr.sty
Package: infwarerr 2010/04/08 v1.3 Providing info/warning/error messages (HO)
)
(/usr/share/texlive/texmf-dist/tex/generic/oberdiek/ltxcmds.sty
Package: ltxcmds 2011/11/09 v1.22 LaTeX kernel commands for general use (HO)
)
\Gread@gobject=\count95
))
\Gin@req@height=\dimen107
\Gin@req@width=\dimen108
)
(/usr/share/texlive/texmf-dist/tex/latex/graphics/color.sty
Package: color 2005/11/14 v1.0j Standard LaTeX Color (DPC)

(/usr/share/texlive/texmf-dist/tex/latex/latexconfig/color.cfg
File: color.cfg 2007/01/18 v1.5 color configuration of teTeX/TeXLive
)
Package color Info: Driver file: pdftex.def on input line 130.
)
(/usr/share/texlive/texmf-dist/tex/latex/listings/lstlang1.sty
File: lstlang1.sty 2004/09/05 1.3 listings language file
) (./jhutter2.aux)
\openout1 = `jhutter2.aux'.

LaTeX Font Info:    Checking defaults for OML/cmm/m/it on input line 41.
LaTeX Font Info:    ... okay on input line 41.
LaTeX Font Info:    Checking defaults for T1/cmr/m/n on input line 41.
LaTeX Font Info:    ... okay on input line 41.
LaTeX Font Info:    Checking defaults for OT1/cmr/m/n on input line 41.
LaTeX Font Info:    ... okay on input line 41.
LaTeX Font Info:    Checking defaults for OMS/cmsy/m/n on input line 41.
LaTeX Font Info:    ... okay on input line 41.
LaTeX Font Info:    Checking defaults for OMX/cmex/m/n on input line 41.
LaTeX Font Info:    ... okay on input line 41.
LaTeX Font Info:    Checking defaults for U/cmr/m/n on input line 41.
LaTeX Font Info:    ... okay on input line 41.
\c@lstlisting=\count96
 (/usr/share/texlive/texmf-dist/tex/context/base/supp-pdf.mkii
[Loading MPS to PDF converter (version 2006.09.02).]
\scratchcounter=\count97
\scratchdimen=\dimen109
\scratchbox=\box28
\nofMPsegments=\count98
\nofMParguments=\count99
\everyMPshowfont=\toks16
\MPscratchCnt=\count100
\MPscratchDim=\dimen110
\MPnumerator=\count101
\makeMPintoPDFobject=\count102
\everyMPtoPDFconversion=\toks17
) (/usr/share/texlive/texmf-dist/tex/generic/oberdiek/pdftexcmds.sty
Package: pdftexcmds 2011/11/29 v0.20 Utility functions of pdfTeX for LuaTeX (HO
)

(/usr/share/texlive/texmf-dist/tex/generic/oberdiek/ifluatex.sty
Package: ifluatex 2010/03/01 v1.3 Provides the ifluatex switch (HO)
Package ifluatex Info: LuaTeX not detected.
)
(/usr/share/texlive/texmf-dist/tex/generic/oberdiek/ifpdf.sty
Package: ifpdf 2011/01/30 v2.3 Provides the ifpdf switch (HO)
Package ifpdf Info: pdfTeX in PDF mode is detected.
)
Package pdftexcmds Info: LuaTeX not detected.
Package pdftexcmds Info: \pdf@primitive is available.
Package pdftexcmds Info: \pdf@ifprimitive is available.
Package pdftexcmds Info: \pdfdraftmode found.
)
(/usr/share/texlive/texmf-dist/tex/latex/oberdiek/epstopdf-base.sty
Package: epstopdf-base 2010/02/09 v2.5 Base part for package epstopdf

(/usr/share/texlive/texmf-dist/tex/latex/oberdiek/grfext.sty
Package: grfext 2010/08/19 v1.1 Manage graphics extensions (HO)

(/usr/share/texlive/texmf-dist/tex/generic/oberdiek/kvdefinekeys.sty
Package: kvdefinekeys 2011/04/07 v1.3 Define keys (HO)
))
(/usr/share/texlive/texmf-dist/tex/latex/oberdiek/kvoptions.sty
Package: kvoptions 2011/06/30 v3.11 Key value format for package options (HO)

(/usr/share/texlive/texmf-dist/tex/generic/oberdiek/kvsetkeys.sty
Package: kvsetkeys 2012/04/25 v1.16 Key value parser (HO)

(/usr/share/texlive/texmf-dist/tex/generic/oberdiek/etexcmds.sty
Package: etexcmds 2011/02/16 v1.5 Avoid name clashes with e-TeX commands (HO)
Package etexcmds Info: Could not find \expanded.
(etexcmds)             That can mean that you are not using pdfTeX 1.50 or
(etexcmds)             that some package has redefined \expanded.
(etexcmds)             In the latter case, load this package earlier.
)))
Package grfext Info: Graphics extension search list:
(grfext)             [.png,.pdf,.jpg,.mps,.jpeg,.jbig2,.jb2,.PNG,.PDF,.JPG,.JPE
G,.JBIG2,.JB2,.eps]
(grfext)             \AppendGraphicsExtensions on input line 452.

(/usr/share/texlive/texmf-dist/tex/latex/latexconfig/epstopdf-sys.cfg
File: epstopdf-sys.cfg 2010/07/13 v1.3 Configuration of (r)epstopdf for TeX Liv
e
))
LaTeX Font Info:    External font `cmex10' loaded for size
(Font)              <12> on input line 42.
LaTeX Font Info:    External font `cmex10' loaded for size
(Font)              <8> on input line 42.
LaTeX Font Info:    External font `cmex10' loaded for size
(Font)              <6> on input line 42.
LaTeX Font Info:    External font `cmex10' loaded for size
(Font)              <7> on input line 46.
LaTeX Font Info:    External font `cmex10' loaded for size
(Font)              <5> on input line 46.

(/usr/share/texlive/texmf-dist/tex/latex/listings/lstlang1.sty
File: lstlang1.sty 2004/09/05 1.3 listings language file
) (./report1.m
LaTeX Font Info:    Try loading font information for OMS+cmr on input line 8.

(/usr/share/texlive/texmf-dist/tex/latex/base/omscmr.fd
File: omscmr.fd 1999/05/25 v2.5h Standard LaTeX font definitions
)
LaTeX Font Info:    Font shape `OMS/cmr/m/n' in size <8> not available
(Font)              Font shape `OMS/cmsy/m/n' tried instead on input line 8.
)
<report1_1.jpg, id=1, 585.18625pt x 438.63875pt>
File: report1_1.jpg Graphic file (type jpg)
 <use report1_1.jpg>
Package pdftex.def Info: report1_1.jpg used on input line 49.
(pdftex.def)             Requested size: 292.5924pt x 219.31883pt.

<report1_2.jpg, id=2, 562.1pt x 421.575pt>
File: report1_2.jpg Graphic file (type jpg)
 <use report1_2.jpg>
Package pdftex.def Info: report1_2.jpg used on input line 53.
(pdftex.def)             Requested size: 281.04932pt x 210.78697pt.
 (./report2.m)
<report3_1.jpg, id=3, 417.56pt x 298.11375pt>
File: report3_1.jpg Graphic file (type jpg)
 <use report3_1.jpg>
Package pdftex.def Info: report3_1.jpg used on input line 71.
(pdftex.def)             Requested size: 208.77948pt x 149.0565pt.
 (./report4.m) <report4_1.jpg, id=5, 585.18625pt x 438.63875pt>
File: report4_1.jpg Graphic file (type jpg)
 <use report4_1.jpg>
Package pdftex.def Info: report4_1.jpg used on input line 83.
(pdftex.def)             Requested size: 234.07034pt x 175.45238pt.

<report4_2.jpg, id=6, 585.18625pt x 438.63875pt>
File: report4_2.jpg Graphic file (type jpg)
 <use report4_2.jpg>
Package pdftex.def Info: report4_2.jpg used on input line 84.
(pdftex.def)             Requested size: 234.07034pt x 175.45238pt.

Underfull \hbox (badness 10000) in paragraph at lines 83--87
[][]
 []

(./report5.m) <report5_1.jpg, id=7, 585.18625pt x 438.63875pt>
File: report5_1.jpg Graphic file (type jpg)

<use report5_1.jpg>
Package pdftex.def Info: report5_1.jpg used on input line 94.
(pdftex.def)             Requested size: 292.5924pt x 219.31883pt.
 (./report6.m) (./compMeanVec.m)
<report6_1.jpg, id=8, 585.18625pt x 438.63875pt>
File: report6_1.jpg Graphic file (type jpg)
 <use report6_1.jpg>
Package pdftex.def Info: report6_1.jpg used on input line 105.
(pdftex.def)             Requested size: 292.5924pt x 219.31883pt.

(./report7.m) <report7_eig.jpg, id=9, 562.1pt x 421.575pt>
File: report7_eig.jpg Graphic file (type jpg)

<use report7_eig.jpg>
Package pdftex.def Info: report7_eig.jpg used on input line 117.
(pdftex.def)             Requested size: 281.04932pt x 210.78697pt.
 <report7_1.jpg, id=10, 1124.2pt x 843.15pt>
File: report7_1.jpg Graphic file (type jpg)

<use report7_1.jpg>
Package pdftex.def Info: report7_1.jpg used on input line 123.
(pdftex.def)             Requested size: 449.67204pt x 337.25401pt.
 <report7_2.jpg, id=11, 1124.2pt x 843.15pt>
File: report7_2.jpg Graphic file (type jpg)

<use report7_2.jpg>
Package pdftex.def Info: report7_2.jpg used on input line 124.
(pdftex.def)             Requested size: 449.67204pt x 337.25401pt.

Overfull \hbox (104.67204pt too wide) in paragraph at lines 123--125
[][]
 []


Overfull \hbox (104.67204pt too wide) in paragraph at lines 123--125
[] 
 []


LaTeX Warning: Float too large for page by 125.50803pt on input line 125.

<report7_3.jpg, id=12, 1124.2pt x 843.15pt>
File: report7_3.jpg Graphic file (type jpg)
 <use report7_3.jpg>
Package pdftex.def Info: report7_3.jpg used on input line 128.
(pdftex.def)             Requested size: 449.67204pt x 337.25401pt.

<report7_4.jpg, id=13, 1124.2pt x 843.15pt>
File: report7_4.jpg Graphic file (type jpg)
 <use report7_4.jpg>
Package pdftex.def Info: report7_4.jpg used on input line 129.
(pdftex.def)             Requested size: 449.67204pt x 337.25401pt.

Overfull \hbox (104.67204pt too wide) in paragraph at lines 128--131
[][]
 []


Overfull \hbox (104.67204pt too wide) in paragraph at lines 128--131
[] 
 []


LaTeX Warning: Float too large for page by 139.45247pt on input line 131.

<report7_5.jpg, id=14, 1124.2pt x 843.15pt>
File: report7_5.jpg Graphic file (type jpg)
 <use report7_5.jpg>
Package pdftex.def Info: report7_5.jpg used on input line 134.
(pdftex.def)             Requested size: 449.67204pt x 337.25401pt.

<report7_6.jpg, id=15, 1124.2pt x 843.15pt>
File: report7_6.jpg Graphic file (type jpg)
 <use report7_6.jpg>
Package pdftex.def Info: report7_6.jpg used on input line 135.
(pdftex.def)             Requested size: 449.67204pt x 337.25401pt.

Overfull \hbox (104.67204pt too wide) in paragraph at lines 134--137
[][]
 []


Overfull \hbox (104.67204pt too wide) in paragraph at lines 134--137
[] 
 []


LaTeX Warning: Float too large for page by 149.50803pt on input line 137.

(./PCAtransform.m) (./invPCAtransform.m) (./report8.m)
<report8.jpg, id=16, 562.1pt x 421.575pt>
File: report8.jpg Graphic file (type jpg)
 <use report8.jpg>
Package pdftex.def Info: report8.jpg used on input line 153.
(pdftex.def)             Requested size: 281.04932pt x 210.78697pt.


LaTeX Warning: Float too large for page by 8.99203pt on input line 154.

[1

{/usr/share/texlive/texmf/fonts/map/pdftex/updmap/pdftex.map}] [2 <./report1_1.
jpg>] [3 <./report1_2.jpg>] [4 <./report3_1.jpg>] [5] [6 <./report4_1.jpg> <./r
eport4_2.jpg>] [7 <./report5_1.jpg>] [8 <./report6_1.jpg>] [9] [10 <./report7_e
ig.jpg>] [11 <./report7_1.jpg> <./report7_2.jpg>] [12 <./report7_3.jpg> <./repo
rt7_4.jpg>] [13 <./report7_5.jpg> <./report7_6.jpg>] [14] [15 <./report8.jpg>] 
(./jhutter2.aux) ) 
Here is how much of TeX's memory you used:
 3490 strings out of 495063
 48752 string characters out of 3182201
 646777 words of memory out of 3000000
 6613 multiletter control sequences out of 15000+200000
 6983 words of font info for 25 fonts, out of 3000000 for 9000
 14 hyphenation exceptions out of 8191
 38i,7n,39p,234b,1862s stack positions out of 5000i,500n,10000p,200000b,50000s
</usr/share/texlive/texmf-dist/fonts/type1/public/amsfonts/cm
/cmbx10.pfb></usr/share/texlive/texmf-dist/fonts/type1/public/amsfonts/cm/cmmi1
0.pfb></usr/share/texlive/texmf-dist/fonts/type1/public/amsfonts/cm/cmmi7.pfb><
/usr/share/texlive/texmf-dist/fonts/type1/public/amsfonts/cm/cmr10.pfb></usr/sh
are/texlive/texmf-dist/fonts/type1/public/amsfonts/cm/cmr12.pfb></usr/share/tex
live/texmf-dist/fonts/type1/public/amsfonts/cm/cmr17.pfb></usr/share/texlive/te
xmf-dist/fonts/type1/public/amsfonts/cm/cmr5.pfb></usr/share/texlive/texmf-dist
/fonts/type1/public/amsfonts/cm/cmr7.pfb></usr/share/texlive/texmf-dist/fonts/t
ype1/public/amsfonts/cm/cmr8.pfb></usr/share/texlive/texmf-dist/fonts/type1/pub
lic/amsfonts/cm/cmsy8.pfb>
Output written on jhutter2.pdf (15 pages, 747387 bytes).
PDF statistics:
 110 PDF objects out of 1000 (max. 8388607)
 66 compressed objects within 1 object stream
 0 named destinations out of 1000 (max. 500000)
 76 words of extra memory for PDF output out of 10000 (max. 10000000)

