Analysis & Synthesis report for Lab6
Thu Oct 13 15:50:47 2016
Quartus II 64-Bit Version 15.0.0 Build 145 04/22/2015 SJ Full Version


---------------------
; Table of Contents ;
---------------------
  1. Legal Notice
  2. Analysis & Synthesis Summary
  3. Analysis & Synthesis Settings
  4. Parallel Compilation
  5. Analysis & Synthesis Source Files Read
  6. Analysis & Synthesis Resource Usage Summary
  7. Analysis & Synthesis Resource Utilization by Entity
  8. State Machine - |slc3|ISDU:state_controller|State
  9. Registers Removed During Synthesis
 10. General Register Statistics
 11. Inverted Register Statistics
 12. Multiplexer Restructuring Statistics (Restructuring Performed)
 13. Parameter Settings for User Entity Instance: tristate:tr0
 14. Parameter Settings for User Entity Instance: test_memory:test_mem
 15. Port Connectivity Checks: "test_memory:test_mem"
 16. Port Connectivity Checks: "datapath:d0|four_mux:ADDR2"
 17. Port Connectivity Checks: "datapath:d0|mux_3:dr"
 18. Port Connectivity Checks: "datapath:d0|four_mux:pcMUX"
 19. Post-Synthesis Netlist Statistics for Top Partition
 20. Elapsed Time Per Partition
 21. Analysis & Synthesis Messages
 22. Analysis & Synthesis Suppressed Messages



----------------
; Legal Notice ;
----------------
Copyright (C) 1991-2015 Altera Corporation. All rights reserved.
Your use of Altera Corporation's design tools, logic functions 
and other software and tools, and its AMPP partner logic 
functions, and any output files from any of the foregoing 
(including device programming or simulation files), and any 
associated documentation or information are expressly subject 
to the terms and conditions of the Altera Program License 
Subscription Agreement, the Altera Quartus II License Agreement,
the Altera MegaCore Function License Agreement, or other 
applicable license agreement, including, without limitation, 
that your use is for the sole purpose of programming logic 
devices manufactured by Altera and sold by Altera or its 
authorized distributors.  Please refer to the applicable 
agreement for further details.



+----------------------------------------------------------------------------------+
; Analysis & Synthesis Summary                                                     ;
+------------------------------------+---------------------------------------------+
; Analysis & Synthesis Status        ; Successful - Thu Oct 13 15:50:46 2016       ;
; Quartus II 64-Bit Version          ; 15.0.0 Build 145 04/22/2015 SJ Full Version ;
; Revision Name                      ; Lab6                                        ;
; Top-level Entity Name              ; slc3                                        ;
; Family                             ; Cyclone IV E                                ;
; Total logic elements               ; 7,793                                       ;
;     Total combinational functions  ; 4,482                                       ;
;     Dedicated logic registers      ; 4,368                                       ;
; Total registers                    ; 4368                                        ;
; Total pins                         ; 319                                         ;
; Total virtual pins                 ; 0                                           ;
; Total memory bits                  ; 0                                           ;
; Embedded Multiplier 9-bit elements ; 0                                           ;
; Total PLLs                         ; 0                                           ;
+------------------------------------+---------------------------------------------+


+----------------------------------------------------------------------------------------------------------------------+
; Analysis & Synthesis Settings                                                                                        ;
+----------------------------------------------------------------------------+--------------------+--------------------+
; Option                                                                     ; Setting            ; Default Value      ;
+----------------------------------------------------------------------------+--------------------+--------------------+
; Device                                                                     ; EP4CE115F29C7      ;                    ;
; Top-level entity name                                                      ; slc3               ; Lab6               ;
; Family name                                                                ; Cyclone IV E       ; Cyclone V          ;
; Use smart compilation                                                      ; Off                ; Off                ;
; Enable parallel Assembler and TimeQuest Timing Analyzer during compilation ; On                 ; On                 ;
; Enable compact report table                                                ; Off                ; Off                ;
; Restructure Multiplexers                                                   ; Auto               ; Auto               ;
; Create Debugging Nodes for IP Cores                                        ; Off                ; Off                ;
; Preserve fewer node names                                                  ; On                 ; On                 ;
; Disable OpenCore Plus hardware evaluation                                  ; Off                ; Off                ;
; Verilog Version                                                            ; Verilog_2001       ; Verilog_2001       ;
; VHDL Version                                                               ; VHDL_1993          ; VHDL_1993          ;
; State Machine Processing                                                   ; Auto               ; Auto               ;
; Safe State Machine                                                         ; Off                ; Off                ;
; Extract Verilog State Machines                                             ; On                 ; On                 ;
; Extract VHDL State Machines                                                ; On                 ; On                 ;
; Ignore Verilog initial constructs                                          ; Off                ; Off                ;
; Iteration limit for constant Verilog loops                                 ; 5000               ; 5000               ;
; Iteration limit for non-constant Verilog loops                             ; 250                ; 250                ;
; Add Pass-Through Logic to Inferred RAMs                                    ; On                 ; On                 ;
; Infer RAMs from Raw Logic                                                  ; On                 ; On                 ;
; Parallel Synthesis                                                         ; On                 ; On                 ;
; DSP Block Balancing                                                        ; Auto               ; Auto               ;
; NOT Gate Push-Back                                                         ; On                 ; On                 ;
; Power-Up Don't Care                                                        ; On                 ; On                 ;
; Remove Redundant Logic Cells                                               ; Off                ; Off                ;
; Remove Duplicate Registers                                                 ; On                 ; On                 ;
; Ignore CARRY Buffers                                                       ; Off                ; Off                ;
; Ignore CASCADE Buffers                                                     ; Off                ; Off                ;
; Ignore GLOBAL Buffers                                                      ; Off                ; Off                ;
; Ignore ROW GLOBAL Buffers                                                  ; Off                ; Off                ;
; Ignore LCELL Buffers                                                       ; Off                ; Off                ;
; Ignore SOFT Buffers                                                        ; On                 ; On                 ;
; Limit AHDL Integers to 32 Bits                                             ; Off                ; Off                ;
; Optimization Technique                                                     ; Balanced           ; Balanced           ;
; Carry Chain Length                                                         ; 70                 ; 70                 ;
; Auto Carry Chains                                                          ; On                 ; On                 ;
; Auto Open-Drain Pins                                                       ; On                 ; On                 ;
; Perform WYSIWYG Primitive Resynthesis                                      ; Off                ; Off                ;
; Auto ROM Replacement                                                       ; On                 ; On                 ;
; Auto RAM Replacement                                                       ; On                 ; On                 ;
; Auto DSP Block Replacement                                                 ; On                 ; On                 ;
; Auto Shift Register Replacement                                            ; Auto               ; Auto               ;
; Allow Shift Register Merging across Hierarchies                            ; Auto               ; Auto               ;
; Auto Clock Enable Replacement                                              ; On                 ; On                 ;
; Strict RAM Replacement                                                     ; Off                ; Off                ;
; Allow Synchronous Control Signals                                          ; On                 ; On                 ;
; Force Use of Synchronous Clear Signals                                     ; Off                ; Off                ;
; Auto RAM Block Balancing                                                   ; On                 ; On                 ;
; Auto RAM to Logic Cell Conversion                                          ; Off                ; Off                ;
; Auto Resource Sharing                                                      ; Off                ; Off                ;
; Allow Any RAM Size For Recognition                                         ; Off                ; Off                ;
; Allow Any ROM Size For Recognition                                         ; Off                ; Off                ;
; Allow Any Shift Register Size For Recognition                              ; Off                ; Off                ;
; Use LogicLock Constraints during Resource Balancing                        ; On                 ; On                 ;
; Ignore translate_off and synthesis_off directives                          ; Off                ; Off                ;
; Timing-Driven Synthesis                                                    ; On                 ; On                 ;
; Report Parameter Settings                                                  ; On                 ; On                 ;
; Report Source Assignments                                                  ; On                 ; On                 ;
; Report Connectivity Checks                                                 ; On                 ; On                 ;
; Ignore Maximum Fan-Out Assignments                                         ; Off                ; Off                ;
; Synchronization Register Chain Length                                      ; 2                  ; 2                  ;
; PowerPlay Power Optimization During Synthesis                              ; Normal compilation ; Normal compilation ;
; HDL message level                                                          ; Level2             ; Level2             ;
; Suppress Register Optimization Related Messages                            ; Off                ; Off                ;
; Number of Removed Registers Reported in Synthesis Report                   ; 5000               ; 5000               ;
; Number of Swept Nodes Reported in Synthesis Report                         ; 5000               ; 5000               ;
; Number of Inverted Registers Reported in Synthesis Report                  ; 100                ; 100                ;
; Clock MUX Protection                                                       ; On                 ; On                 ;
; Auto Gated Clock Conversion                                                ; Off                ; Off                ;
; Block Design Naming                                                        ; Auto               ; Auto               ;
; SDC constraint protection                                                  ; Off                ; Off                ;
; Synthesis Effort                                                           ; Auto               ; Auto               ;
; Shift Register Replacement - Allow Asynchronous Clear Signal               ; On                 ; On                 ;
; Pre-Mapping Resynthesis Optimization                                       ; Off                ; Off                ;
; Analysis & Synthesis Message Level                                         ; Medium             ; Medium             ;
; Disable Register Merging Across Hierarchies                                ; Auto               ; Auto               ;
; Resource Aware Inference For Block RAM                                     ; On                 ; On                 ;
; Synthesis Seed                                                             ; 1                  ; 1                  ;
+----------------------------------------------------------------------------+--------------------+--------------------+


+------------------------------------------+
; Parallel Compilation                     ;
+----------------------------+-------------+
; Processors                 ; Number      ;
+----------------------------+-------------+
; Number detected on machine ; 4           ;
; Maximum allowed            ; 4           ;
;                            ;             ;
; Average used               ; 1.00        ;
; Maximum used               ; 4           ;
;                            ;             ;
; Usage by Processor         ; % Time Used ;
;     Processor 1            ; 100.0%      ;
;     Processors 2-4         ; < 0.1%      ;
+----------------------------+-------------+


+----------------------------------------------------------------------------------------------------------------------------+
; Analysis & Synthesis Source Files Read                                                                                     ;
+----------------------------------+-----------------+------------------------------+------------------------------+---------+
; File Name with User-Entered Path ; Used in Netlist ; File Type                    ; File Name with Absolute Path ; Library ;
+----------------------------------+-----------------+------------------------------+------------------------------+---------+
; tristate.sv                      ; yes             ; User SystemVerilog HDL File  ; I:/LAB_6/tristate.sv         ;         ;
; test_memory.sv                   ; yes             ; User SystemVerilog HDL File  ; I:/LAB_6/test_memory.sv      ;         ;
; SLC3_2.sv                        ; yes             ; User SystemVerilog HDL File  ; I:/LAB_6/SLC3_2.sv           ;         ;
; two_mux.sv                       ; yes             ; User SystemVerilog HDL File  ; I:/LAB_6/two_mux.sv          ;         ;
; Mem2IO.sv                        ; yes             ; User SystemVerilog HDL File  ; I:/LAB_6/Mem2IO.sv           ;         ;
; slc3.sv                          ; yes             ; User SystemVerilog HDL File  ; I:/LAB_6/slc3.sv             ;         ;
; HexDriver.sv                     ; yes             ; User SystemVerilog HDL File  ; I:/LAB_6/HexDriver.sv        ;         ;
; buffermux.sv                     ; yes             ; User SystemVerilog HDL File  ; I:/LAB_6/buffermux.sv        ;         ;
; 16bitreg.sv                      ; yes             ; User SystemVerilog HDL File  ; I:/LAB_6/16bitreg.sv         ;         ;
; register_1.sv                    ; yes             ; User SystemVerilog HDL File  ; I:/LAB_6/register_1.sv       ;         ;
; Reg_File.sv                      ; yes             ; User SystemVerilog HDL File  ; I:/LAB_6/Reg_File.sv         ;         ;
; mux_8.sv                         ; yes             ; User SystemVerilog HDL File  ; I:/LAB_6/mux_8.sv            ;         ;
; logic2.sv                        ; yes             ; User SystemVerilog HDL File  ; I:/LAB_6/logic2.sv           ;         ;
; logic1.sv                        ; yes             ; User SystemVerilog HDL File  ; I:/LAB_6/logic1.sv           ;         ;
; ISDU.sv                          ; yes             ; User SystemVerilog HDL File  ; I:/LAB_6/ISDU.sv             ;         ;
; datapath.sv                      ; yes             ; User SystemVerilog HDL File  ; I:/LAB_6/datapath.sv         ;         ;
; ALUK.sv                          ; yes             ; User SystemVerilog HDL File  ; I:/LAB_6/ALUK.sv             ;         ;
; 4to1mux.sv                       ; yes             ; User SystemVerilog HDL File  ; I:/LAB_6/4to1mux.sv          ;         ;
; mux_3.sv                         ; yes             ; User SystemVerilog HDL File  ; I:/LAB_6/mux_3.sv            ;         ;
+----------------------------------+-----------------+------------------------------+------------------------------+---------+


+---------------------------------------------------------+
; Analysis & Synthesis Resource Usage Summary             ;
+---------------------------------------------+-----------+
; Resource                                    ; Usage     ;
+---------------------------------------------+-----------+
; Estimated Total logic elements              ; 7,793     ;
;                                             ;           ;
; Total combinational functions               ; 4482      ;
; Logic element usage by number of LUT inputs ;           ;
;     -- 4 input functions                    ; 3106      ;
;     -- 3 input functions                    ; 343       ;
;     -- <=2 input functions                  ; 1033      ;
;                                             ;           ;
; Logic elements by mode                      ;           ;
;     -- normal mode                          ; 4437      ;
;     -- arithmetic mode                      ; 45        ;
;                                             ;           ;
; Total registers                             ; 4368      ;
;     -- Dedicated logic registers            ; 4368      ;
;     -- I/O registers                        ; 0         ;
;                                             ;           ;
; I/O pins                                    ; 319       ;
;                                             ;           ;
; Embedded Multiplier 9-bit elements          ; 0         ;
;                                             ;           ;
; Maximum fan-out node                        ; Clk~input ;
; Maximum fan-out                             ; 4368      ;
; Total fan-out                               ; 32626     ;
; Average fan-out                             ; 3.43      ;
+---------------------------------------------+-----------+


+----------------------------------------------------------------------------------------------------------------------------------------------------------------------------------------------------------+
; Analysis & Synthesis Resource Utilization by Entity                                                                                                                                                      ;
+----------------------------------+-------------------+--------------+-------------+--------------+---------+-----------+------+--------------+--------------------------------------------+--------------+
; Compilation Hierarchy Node       ; LC Combinationals ; LC Registers ; Memory Bits ; DSP Elements ; DSP 9x9 ; DSP 18x18 ; Pins ; Virtual Pins ; Full Hierarchy Name                        ; Library Name ;
+----------------------------------+-------------------+--------------+-------------+--------------+---------+-----------+------+--------------+--------------------------------------------+--------------+
; |slc3                            ; 4482 (0)          ; 4368 (0)     ; 0           ; 0            ; 0       ; 0         ; 319  ; 0            ; |slc3                                      ; work         ;
;    |HexDriver:hex_drivers[0]|    ; 7 (7)             ; 0 (0)        ; 0           ; 0            ; 0       ; 0         ; 0    ; 0            ; |slc3|HexDriver:hex_drivers[0]             ; work         ;
;    |HexDriver:hex_drivers[1]|    ; 7 (7)             ; 0 (0)        ; 0           ; 0            ; 0       ; 0         ; 0    ; 0            ; |slc3|HexDriver:hex_drivers[1]             ; work         ;
;    |HexDriver:hex_drivers[2]|    ; 7 (7)             ; 0 (0)        ; 0           ; 0            ; 0       ; 0         ; 0    ; 0            ; |slc3|HexDriver:hex_drivers[2]             ; work         ;
;    |HexDriver:hex_drivers[3]|    ; 7 (7)             ; 0 (0)        ; 0           ; 0            ; 0       ; 0         ; 0    ; 0            ; |slc3|HexDriver:hex_drivers[3]             ; work         ;
;    |ISDU:state_controller|       ; 38 (38)           ; 28 (28)      ; 0           ; 0            ; 0       ; 0         ; 0    ; 0            ; |slc3|ISDU:state_controller                ; work         ;
;    |Mem2IO:memory_subsystem|     ; 22 (22)           ; 16 (16)      ; 0           ; 0            ; 0       ; 0         ; 0    ; 0            ; |slc3|Mem2IO:memory_subsystem              ; work         ;
;    |datapath:d0|                 ; 397 (16)          ; 196 (0)      ; 0           ; 0            ; 0       ; 0         ; 0    ; 0            ; |slc3|datapath:d0                          ; work         ;
;       |ALUK:aluk|                ; 16 (16)           ; 0 (0)        ; 0           ; 0            ; 0       ; 0         ; 0    ; 0            ; |slc3|datapath:d0|ALUK:aluk                ; work         ;
;       |Reg_File:RF|              ; 88 (8)            ; 128 (0)      ; 0           ; 0            ; 0       ; 0         ; 0    ; 0            ; |slc3|datapath:d0|Reg_File:RF              ; work         ;
;          |mux_8:M81|             ; 80 (80)           ; 0 (0)        ; 0           ; 0            ; 0       ; 0         ; 0    ; 0            ; |slc3|datapath:d0|Reg_File:RF|mux_8:M81    ; work         ;
;          |reg16:R0|              ; 0 (0)             ; 16 (16)      ; 0           ; 0            ; 0       ; 0         ; 0    ; 0            ; |slc3|datapath:d0|Reg_File:RF|reg16:R0     ; work         ;
;          |reg16:R1|              ; 0 (0)             ; 16 (16)      ; 0           ; 0            ; 0       ; 0         ; 0    ; 0            ; |slc3|datapath:d0|Reg_File:RF|reg16:R1     ; work         ;
;          |reg16:R2|              ; 0 (0)             ; 16 (16)      ; 0           ; 0            ; 0       ; 0         ; 0    ; 0            ; |slc3|datapath:d0|Reg_File:RF|reg16:R2     ; work         ;
;          |reg16:R3|              ; 0 (0)             ; 16 (16)      ; 0           ; 0            ; 0       ; 0         ; 0    ; 0            ; |slc3|datapath:d0|Reg_File:RF|reg16:R3     ; work         ;
;          |reg16:R4|              ; 0 (0)             ; 16 (16)      ; 0           ; 0            ; 0       ; 0         ; 0    ; 0            ; |slc3|datapath:d0|Reg_File:RF|reg16:R4     ; work         ;
;          |reg16:R5|              ; 0 (0)             ; 16 (16)      ; 0           ; 0            ; 0       ; 0         ; 0    ; 0            ; |slc3|datapath:d0|Reg_File:RF|reg16:R5     ; work         ;
;          |reg16:R6|              ; 0 (0)             ; 16 (16)      ; 0           ; 0            ; 0       ; 0         ; 0    ; 0            ; |slc3|datapath:d0|Reg_File:RF|reg16:R6     ; work         ;
;          |reg16:R7|              ; 0 (0)             ; 16 (16)      ; 0           ; 0            ; 0       ; 0         ; 0    ; 0            ; |slc3|datapath:d0|Reg_File:RF|reg16:R7     ; work         ;
;       |buffers:tri_state|        ; 103 (103)         ; 0 (0)        ; 0           ; 0            ; 0       ; 0         ; 0    ; 0            ; |slc3|datapath:d0|buffers:tri_state        ; work         ;
;       |four_mux:ADDR2|           ; 16 (16)           ; 0 (0)        ; 0           ; 0            ; 0       ; 0         ; 0    ; 0            ; |slc3|datapath:d0|four_mux:ADDR2           ; work         ;
;       |logic1:l1|                ; 6 (6)             ; 0 (0)        ; 0           ; 0            ; 0       ; 0         ; 0    ; 0            ; |slc3|datapath:d0|logic1:l1                ; work         ;
;       |mux_3:dr|                 ; 3 (3)             ; 0 (0)        ; 0           ; 0            ; 0       ; 0         ; 0    ; 0            ; |slc3|datapath:d0|mux_3:dr                 ; work         ;
;       |mux_3:sr1|                ; 3 (3)             ; 0 (0)        ; 0           ; 0            ; 0       ; 0         ; 0    ; 0            ; |slc3|datapath:d0|mux_3:sr1                ; work         ;
;       |reg16:ir|                 ; 0 (0)             ; 16 (16)      ; 0           ; 0            ; 0       ; 0         ; 0    ; 0            ; |slc3|datapath:d0|reg16:ir                 ; work         ;
;       |reg16:mar|                ; 0 (0)             ; 16 (16)      ; 0           ; 0            ; 0       ; 0         ; 0    ; 0            ; |slc3|datapath:d0|reg16:mar                ; work         ;
;       |reg16:mdr|                ; 16 (16)           ; 16 (16)      ; 0           ; 0            ; 0       ; 0         ; 0    ; 0            ; |slc3|datapath:d0|reg16:mdr                ; work         ;
;       |reg16:pc|                 ; 16 (16)           ; 16 (16)      ; 0           ; 0            ; 0       ; 0         ; 0    ; 0            ; |slc3|datapath:d0|reg16:pc                 ; work         ;
;       |register_1:Branch_enable| ; 3 (3)             ; 1 (1)        ; 0           ; 0            ; 0       ; 0         ; 0    ; 0            ; |slc3|datapath:d0|register_1:Branch_enable ; work         ;
;       |register_1:N|             ; 0 (0)             ; 1 (1)        ; 0           ; 0            ; 0       ; 0         ; 0    ; 0            ; |slc3|datapath:d0|register_1:N             ; work         ;
;       |register_1:P|             ; 0 (0)             ; 1 (1)        ; 0           ; 0            ; 0       ; 0         ; 0    ; 0            ; |slc3|datapath:d0|register_1:P             ; work         ;
;       |register_1:Z|             ; 0 (0)             ; 1 (1)        ; 0           ; 0            ; 0       ; 0         ; 0    ; 0            ; |slc3|datapath:d0|register_1:Z             ; work         ;
;       |two_mux:ADDR1|            ; 16 (16)           ; 0 (0)        ; 0           ; 0            ; 0       ; 0         ; 0    ; 0            ; |slc3|datapath:d0|two_mux:ADDR1            ; work         ;
;       |two_mux:sr2|              ; 95 (95)           ; 0 (0)        ; 0           ; 0            ; 0       ; 0         ; 0    ; 0            ; |slc3|datapath:d0|two_mux:sr2              ; work         ;
;    |test_memory:test_mem|        ; 3980 (3980)       ; 4096 (4096)  ; 0           ; 0            ; 0       ; 0         ; 0    ; 0            ; |slc3|test_memory:test_mem                 ; work         ;
;    |tristate:tr0|                ; 17 (17)           ; 32 (32)      ; 0           ; 0            ; 0       ; 0         ; 0    ; 0            ; |slc3|tristate:tr0                         ; work         ;
+----------------------------------+-------------------+--------------+-------------+--------------+---------+-----------+------+--------------+--------------------------------------------+--------------+
Note: For table entries with two numbers listed, the numbers in parentheses indicate the number of resources of the given type used by the specific entity alone. The numbers listed outside of parentheses indicate the total resources of the given type used by the specific entity and all of its sub-entities in the hierarchy.


Encoding Type:  One-Hot
+------------------------------------------------------------------------------------------------------------------------------------------------------------------------------------------------------------------------------------------------------------------------------------------------------------------------------------------------------------------------------------------------------------------+
; State Machine - |slc3|ISDU:state_controller|State                                                                                                                                                                                                                                                                                                                                                                ;
+--------------+-------------+-------------+------------+------------+------------+------------+------------+--------------+--------------+--------------+--------------+------------+------------+------------+--------------+--------------+------------+------------+------------+------------+------------+------------+--------------+--------------+--------------+--------------+------------+--------------+
; Name         ; State.S_132 ; State.S_131 ; State.S_22 ; State.S_00 ; State.S_12 ; State.S_21 ; State.S_04 ; State.S_16_4 ; State.S_16_3 ; State.S_16_2 ; State.S_16_1 ; State.S_23 ; State.S_07 ; State.S_27 ; State.S_25_2 ; State.S_25_1 ; State.S_06 ; State.S_09 ; State.S_05 ; State.S_01 ; State.S_32 ; State.S_35 ; State.S_33_4 ; State.S_33_3 ; State.S_33_2 ; State.S_33_1 ; State.S_18 ; State.Halted ;
+--------------+-------------+-------------+------------+------------+------------+------------+------------+--------------+--------------+--------------+--------------+------------+------------+------------+--------------+--------------+------------+------------+------------+------------+------------+------------+--------------+--------------+--------------+--------------+------------+--------------+
; State.Halted ; 0           ; 0           ; 0          ; 0          ; 0          ; 0          ; 0          ; 0            ; 0            ; 0            ; 0            ; 0          ; 0          ; 0          ; 0            ; 0            ; 0          ; 0          ; 0          ; 0          ; 0          ; 0          ; 0            ; 0            ; 0            ; 0            ; 0          ; 0            ;
; State.S_18   ; 0           ; 0           ; 0          ; 0          ; 0          ; 0          ; 0          ; 0            ; 0            ; 0            ; 0            ; 0          ; 0          ; 0          ; 0            ; 0            ; 0          ; 0          ; 0          ; 0          ; 0          ; 0          ; 0            ; 0            ; 0            ; 0            ; 1          ; 1            ;
; State.S_33_1 ; 0           ; 0           ; 0          ; 0          ; 0          ; 0          ; 0          ; 0            ; 0            ; 0            ; 0            ; 0          ; 0          ; 0          ; 0            ; 0            ; 0          ; 0          ; 0          ; 0          ; 0          ; 0          ; 0            ; 0            ; 0            ; 1            ; 0          ; 1            ;
; State.S_33_2 ; 0           ; 0           ; 0          ; 0          ; 0          ; 0          ; 0          ; 0            ; 0            ; 0            ; 0            ; 0          ; 0          ; 0          ; 0            ; 0            ; 0          ; 0          ; 0          ; 0          ; 0          ; 0          ; 0            ; 0            ; 1            ; 0            ; 0          ; 1            ;
; State.S_33_3 ; 0           ; 0           ; 0          ; 0          ; 0          ; 0          ; 0          ; 0            ; 0            ; 0            ; 0            ; 0          ; 0          ; 0          ; 0            ; 0            ; 0          ; 0          ; 0          ; 0          ; 0          ; 0          ; 0            ; 1            ; 0            ; 0            ; 0          ; 1            ;
; State.S_33_4 ; 0           ; 0           ; 0          ; 0          ; 0          ; 0          ; 0          ; 0            ; 0            ; 0            ; 0            ; 0          ; 0          ; 0          ; 0            ; 0            ; 0          ; 0          ; 0          ; 0          ; 0          ; 0          ; 1            ; 0            ; 0            ; 0            ; 0          ; 1            ;
; State.S_35   ; 0           ; 0           ; 0          ; 0          ; 0          ; 0          ; 0          ; 0            ; 0            ; 0            ; 0            ; 0          ; 0          ; 0          ; 0            ; 0            ; 0          ; 0          ; 0          ; 0          ; 0          ; 1          ; 0            ; 0            ; 0            ; 0            ; 0          ; 1            ;
; State.S_32   ; 0           ; 0           ; 0          ; 0          ; 0          ; 0          ; 0          ; 0            ; 0            ; 0            ; 0            ; 0          ; 0          ; 0          ; 0            ; 0            ; 0          ; 0          ; 0          ; 0          ; 1          ; 0          ; 0            ; 0            ; 0            ; 0            ; 0          ; 1            ;
; State.S_01   ; 0           ; 0           ; 0          ; 0          ; 0          ; 0          ; 0          ; 0            ; 0            ; 0            ; 0            ; 0          ; 0          ; 0          ; 0            ; 0            ; 0          ; 0          ; 0          ; 1          ; 0          ; 0          ; 0            ; 0            ; 0            ; 0            ; 0          ; 1            ;
; State.S_05   ; 0           ; 0           ; 0          ; 0          ; 0          ; 0          ; 0          ; 0            ; 0            ; 0            ; 0            ; 0          ; 0          ; 0          ; 0            ; 0            ; 0          ; 0          ; 1          ; 0          ; 0          ; 0          ; 0            ; 0            ; 0            ; 0            ; 0          ; 1            ;
; State.S_09   ; 0           ; 0           ; 0          ; 0          ; 0          ; 0          ; 0          ; 0            ; 0            ; 0            ; 0            ; 0          ; 0          ; 0          ; 0            ; 0            ; 0          ; 1          ; 0          ; 0          ; 0          ; 0          ; 0            ; 0            ; 0            ; 0            ; 0          ; 1            ;
; State.S_06   ; 0           ; 0           ; 0          ; 0          ; 0          ; 0          ; 0          ; 0            ; 0            ; 0            ; 0            ; 0          ; 0          ; 0          ; 0            ; 0            ; 1          ; 0          ; 0          ; 0          ; 0          ; 0          ; 0            ; 0            ; 0            ; 0            ; 0          ; 1            ;
; State.S_25_1 ; 0           ; 0           ; 0          ; 0          ; 0          ; 0          ; 0          ; 0            ; 0            ; 0            ; 0            ; 0          ; 0          ; 0          ; 0            ; 1            ; 0          ; 0          ; 0          ; 0          ; 0          ; 0          ; 0            ; 0            ; 0            ; 0            ; 0          ; 1            ;
; State.S_25_2 ; 0           ; 0           ; 0          ; 0          ; 0          ; 0          ; 0          ; 0            ; 0            ; 0            ; 0            ; 0          ; 0          ; 0          ; 1            ; 0            ; 0          ; 0          ; 0          ; 0          ; 0          ; 0          ; 0            ; 0            ; 0            ; 0            ; 0          ; 1            ;
; State.S_27   ; 0           ; 0           ; 0          ; 0          ; 0          ; 0          ; 0          ; 0            ; 0            ; 0            ; 0            ; 0          ; 0          ; 1          ; 0            ; 0            ; 0          ; 0          ; 0          ; 0          ; 0          ; 0          ; 0            ; 0            ; 0            ; 0            ; 0          ; 1            ;
; State.S_07   ; 0           ; 0           ; 0          ; 0          ; 0          ; 0          ; 0          ; 0            ; 0            ; 0            ; 0            ; 0          ; 1          ; 0          ; 0            ; 0            ; 0          ; 0          ; 0          ; 0          ; 0          ; 0          ; 0            ; 0            ; 0            ; 0            ; 0          ; 1            ;
; State.S_23   ; 0           ; 0           ; 0          ; 0          ; 0          ; 0          ; 0          ; 0            ; 0            ; 0            ; 0            ; 1          ; 0          ; 0          ; 0            ; 0            ; 0          ; 0          ; 0          ; 0          ; 0          ; 0          ; 0            ; 0            ; 0            ; 0            ; 0          ; 1            ;
; State.S_16_1 ; 0           ; 0           ; 0          ; 0          ; 0          ; 0          ; 0          ; 0            ; 0            ; 0            ; 1            ; 0          ; 0          ; 0          ; 0            ; 0            ; 0          ; 0          ; 0          ; 0          ; 0          ; 0          ; 0            ; 0            ; 0            ; 0            ; 0          ; 1            ;
; State.S_16_2 ; 0           ; 0           ; 0          ; 0          ; 0          ; 0          ; 0          ; 0            ; 0            ; 1            ; 0            ; 0          ; 0          ; 0          ; 0            ; 0            ; 0          ; 0          ; 0          ; 0          ; 0          ; 0          ; 0            ; 0            ; 0            ; 0            ; 0          ; 1            ;
; State.S_16_3 ; 0           ; 0           ; 0          ; 0          ; 0          ; 0          ; 0          ; 0            ; 1            ; 0            ; 0            ; 0          ; 0          ; 0          ; 0            ; 0            ; 0          ; 0          ; 0          ; 0          ; 0          ; 0          ; 0            ; 0            ; 0            ; 0            ; 0          ; 1            ;
; State.S_16_4 ; 0           ; 0           ; 0          ; 0          ; 0          ; 0          ; 0          ; 1            ; 0            ; 0            ; 0            ; 0          ; 0          ; 0          ; 0            ; 0            ; 0          ; 0          ; 0          ; 0          ; 0          ; 0          ; 0            ; 0            ; 0            ; 0            ; 0          ; 1            ;
; State.S_04   ; 0           ; 0           ; 0          ; 0          ; 0          ; 0          ; 1          ; 0            ; 0            ; 0            ; 0            ; 0          ; 0          ; 0          ; 0            ; 0            ; 0          ; 0          ; 0          ; 0          ; 0          ; 0          ; 0            ; 0            ; 0            ; 0            ; 0          ; 1            ;
; State.S_21   ; 0           ; 0           ; 0          ; 0          ; 0          ; 1          ; 0          ; 0            ; 0            ; 0            ; 0            ; 0          ; 0          ; 0          ; 0            ; 0            ; 0          ; 0          ; 0          ; 0          ; 0          ; 0          ; 0            ; 0            ; 0            ; 0            ; 0          ; 1            ;
; State.S_12   ; 0           ; 0           ; 0          ; 0          ; 1          ; 0          ; 0          ; 0            ; 0            ; 0            ; 0            ; 0          ; 0          ; 0          ; 0            ; 0            ; 0          ; 0          ; 0          ; 0          ; 0          ; 0          ; 0            ; 0            ; 0            ; 0            ; 0          ; 1            ;
; State.S_00   ; 0           ; 0           ; 0          ; 1          ; 0          ; 0          ; 0          ; 0            ; 0            ; 0            ; 0            ; 0          ; 0          ; 0          ; 0            ; 0            ; 0          ; 0          ; 0          ; 0          ; 0          ; 0          ; 0            ; 0            ; 0            ; 0            ; 0          ; 1            ;
; State.S_22   ; 0           ; 0           ; 1          ; 0          ; 0          ; 0          ; 0          ; 0            ; 0            ; 0            ; 0            ; 0          ; 0          ; 0          ; 0            ; 0            ; 0          ; 0          ; 0          ; 0          ; 0          ; 0          ; 0            ; 0            ; 0            ; 0            ; 0          ; 1            ;
; State.S_131  ; 0           ; 1           ; 0          ; 0          ; 0          ; 0          ; 0          ; 0            ; 0            ; 0            ; 0            ; 0          ; 0          ; 0          ; 0            ; 0            ; 0          ; 0          ; 0          ; 0          ; 0          ; 0          ; 0            ; 0            ; 0            ; 0            ; 0          ; 1            ;
; State.S_132  ; 1           ; 0           ; 0          ; 0          ; 0          ; 0          ; 0          ; 0            ; 0            ; 0            ; 0            ; 0          ; 0          ; 0          ; 0            ; 0            ; 0          ; 0          ; 0          ; 0          ; 0          ; 0          ; 0            ; 0            ; 0            ; 0            ; 0          ; 1            ;
+--------------+-------------+-------------+------------+------------+------------+------------+------------+--------------+--------------+--------------+--------------+------------+------------+------------+--------------+--------------+------------+------------+------------+------------+------------+------------+--------------+--------------+--------------+--------------+------------+--------------+


+------------------------------------------------------------+
; Registers Removed During Synthesis                         ;
+---------------------------------------+--------------------+
; Register name                         ; Reason for Removal ;
+---------------------------------------+--------------------+
; ISDU:state_controller|State~4         ; Lost fanout        ;
; ISDU:state_controller|State~5         ; Lost fanout        ;
; ISDU:state_controller|State~6         ; Lost fanout        ;
; ISDU:state_controller|State~7         ; Lost fanout        ;
; ISDU:state_controller|State~8         ; Lost fanout        ;
; Total Number of Removed Registers = 5 ;                    ;
+---------------------------------------+--------------------+


+------------------------------------------------------+
; General Register Statistics                          ;
+----------------------------------------------+-------+
; Statistic                                    ; Value ;
+----------------------------------------------+-------+
; Total registers                              ; 4368  ;
; Number of registers using Synchronous Clear  ; 0     ;
; Number of registers using Synchronous Load   ; 32    ;
; Number of registers using Asynchronous Clear ; 4336  ;
; Number of registers using Asynchronous Load  ; 0     ;
; Number of registers using Clock Enable       ; 4307  ;
; Number of registers using Preset             ; 0     ;
+----------------------------------------------+-------+


+-----------------------------------------------------+
; Inverted Register Statistics                        ;
+-------------------------------------------+---------+
; Inverted Register                         ; Fan out ;
+-------------------------------------------+---------+
; test_memory:test_mem|mem_array[147][0]    ; 1       ;
; test_memory:test_mem|mem_array[131][0]    ; 1       ;
; test_memory:test_mem|mem_array[145][0]    ; 1       ;
; test_memory:test_mem|mem_array[129][0]    ; 1       ;
; test_memory:test_mem|mem_array[153][0]    ; 1       ;
; test_memory:test_mem|mem_array[134][0]    ; 1       ;
; test_memory:test_mem|mem_array[142][0]    ; 1       ;
; test_memory:test_mem|mem_array[151][0]    ; 1       ;
; test_memory:test_mem|mem_array[133][0]    ; 1       ;
; test_memory:test_mem|mem_array[86][0]     ; 1       ;
; test_memory:test_mem|mem_array[70][0]     ; 1       ;
; test_memory:test_mem|mem_array[99][0]     ; 1       ;
; test_memory:test_mem|mem_array[83][0]     ; 1       ;
; test_memory:test_mem|mem_array[67][0]     ; 1       ;
; test_memory:test_mem|mem_array[115][0]    ; 1       ;
; test_memory:test_mem|mem_array[82][0]     ; 1       ;
; test_memory:test_mem|mem_array[66][0]     ; 1       ;
; test_memory:test_mem|mem_array[103][0]    ; 1       ;
; test_memory:test_mem|mem_array[71][0]     ; 1       ;
; test_memory:test_mem|mem_array[108][0]    ; 1       ;
; test_memory:test_mem|mem_array[76][0]     ; 1       ;
; test_memory:test_mem|mem_array[124][0]    ; 1       ;
; test_memory:test_mem|mem_array[105][0]    ; 1       ;
; test_memory:test_mem|mem_array[89][0]     ; 1       ;
; test_memory:test_mem|mem_array[104][0]    ; 1       ;
; test_memory:test_mem|mem_array[72][0]     ; 1       ;
; test_memory:test_mem|mem_array[120][0]    ; 1       ;
; test_memory:test_mem|mem_array[125][0]    ; 1       ;
; test_memory:test_mem|mem_array[100][0]    ; 1       ;
; test_memory:test_mem|mem_array[97][0]     ; 1       ;
; test_memory:test_mem|mem_array[65][0]     ; 1       ;
; test_memory:test_mem|mem_array[113][0]    ; 1       ;
; test_memory:test_mem|mem_array[96][0]     ; 1       ;
; test_memory:test_mem|mem_array[80][0]     ; 1       ;
; test_memory:test_mem|mem_array[64][0]     ; 1       ;
; test_memory:test_mem|mem_array[112][0]    ; 1       ;
; test_memory:test_mem|mem_array[85][0]     ; 1       ;
; test_memory:test_mem|mem_array[101][0]    ; 1       ;
; test_memory:test_mem|mem_array[122][0]    ; 1       ;
; test_memory:test_mem|mem_array[94][0]     ; 1       ;
; test_memory:test_mem|mem_array[126][0]    ; 1       ;
; test_memory:test_mem|mem_array[107][0]    ; 1       ;
; test_memory:test_mem|mem_array[75][0]     ; 1       ;
; test_memory:test_mem|mem_array[111][0]    ; 1       ;
; test_memory:test_mem|mem_array[106][0]    ; 1       ;
; test_memory:test_mem|mem_array[78][0]     ; 1       ;
; test_memory:test_mem|mem_array[74][0]     ; 1       ;
; test_memory:test_mem|mem_array[110][0]    ; 1       ;
; test_memory:test_mem|mem_array[95][0]     ; 1       ;
; test_memory:test_mem|mem_array[127][0]    ; 1       ;
; test_memory:test_mem|mem_array[41][0]     ; 1       ;
; test_memory:test_mem|mem_array[35][0]     ; 1       ;
; test_memory:test_mem|mem_array[33][0]     ; 1       ;
; test_memory:test_mem|mem_array[38][0]     ; 1       ;
; test_memory:test_mem|mem_array[36][0]     ; 1       ;
; test_memory:test_mem|mem_array[46][0]     ; 1       ;
; test_memory:test_mem|mem_array[40][0]     ; 1       ;
; test_memory:test_mem|mem_array[34][0]     ; 1       ;
; test_memory:test_mem|mem_array[45][0]     ; 1       ;
; test_memory:test_mem|mem_array[39][0]     ; 1       ;
; test_memory:test_mem|mem_array[47][0]     ; 1       ;
; test_memory:test_mem|mem_array[26][0]     ; 1       ;
; test_memory:test_mem|mem_array[24][0]     ; 1       ;
; test_memory:test_mem|mem_array[21][0]     ; 1       ;
; test_memory:test_mem|mem_array[17][0]     ; 1       ;
; test_memory:test_mem|mem_array[18][0]     ; 1       ;
; test_memory:test_mem|mem_array[22][0]     ; 1       ;
; test_memory:test_mem|mem_array[29][0]     ; 1       ;
; test_memory:test_mem|mem_array[27][0]     ; 1       ;
; test_memory:test_mem|mem_array[31][0]     ; 1       ;
; test_memory:test_mem|mem_array[8][0]      ; 1       ;
; test_memory:test_mem|mem_array[11][0]     ; 1       ;
; test_memory:test_mem|mem_array[5][0]      ; 1       ;
; test_memory:test_mem|mem_array[6][0]      ; 1       ;
; test_memory:test_mem|mem_array[4][0]      ; 1       ;
; test_memory:test_mem|mem_array[7][0]      ; 1       ;
; test_memory:test_mem|mem_array[1][0]      ; 1       ;
; test_memory:test_mem|mem_array[3][0]      ; 1       ;
; test_memory:test_mem|mem_array[13][0]     ; 1       ;
; test_memory:test_mem|mem_array[14][0]     ; 1       ;
; test_memory:test_mem|mem_array[15][0]     ; 1       ;
; test_memory:test_mem|mem_array[57][0]     ; 1       ;
; test_memory:test_mem|mem_array[58][0]     ; 1       ;
; test_memory:test_mem|mem_array[59][0]     ; 1       ;
; test_memory:test_mem|mem_array[54][0]     ; 1       ;
; test_memory:test_mem|mem_array[55][0]     ; 1       ;
; test_memory:test_mem|mem_array[60][0]     ; 1       ;
; test_memory:test_mem|mem_array[149][1]    ; 1       ;
; test_memory:test_mem|mem_array[148][1]    ; 1       ;
; test_memory:test_mem|mem_array[144][1]    ; 1       ;
; test_memory:test_mem|mem_array[129][1]    ; 1       ;
; test_memory:test_mem|mem_array[132][1]    ; 1       ;
; test_memory:test_mem|mem_array[133][1]    ; 1       ;
; test_memory:test_mem|mem_array[147][1]    ; 1       ;
; test_memory:test_mem|mem_array[89][1]     ; 1       ;
; test_memory:test_mem|mem_array[27][1]     ; 1       ;
; test_memory:test_mem|mem_array[15][1]     ; 1       ;
; test_memory:test_mem|mem_array[13][1]     ; 1       ;
; test_memory:test_mem|mem_array[79][1]     ; 1       ;
; test_memory:test_mem|mem_array[9][1]      ; 1       ;
; Total number of inverted registers = 977* ;         ;
+-------------------------------------------+---------+
* Table truncated at 100 items. To change the number of inverted registers reported, set the "Number of Inverted Registers Reported" option under Assignments->Settings->Analysis and Synthesis Settings->More Settings


+-------------------------------------------------------------------------------------------------------------------------------------------------------------+
; Multiplexer Restructuring Statistics (Restructuring Performed)                                                                                              ;
+--------------------+-----------+---------------+----------------------+------------------------+------------+-----------------------------------------------+
; Multiplexer Inputs ; Bus Width ; Baseline Area ; Area if Restructured ; Saving if Restructured ; Registered ; Example Multiplexer Output                    ;
+--------------------+-----------+---------------+----------------------+------------------------+------------+-----------------------------------------------+
; 4:1                ; 16 bits   ; 32 LEs        ; 32 LEs               ; 0 LEs                  ; Yes        ; |slc3|datapath:d0|reg16:mdr|q[11]             ;
; 3:1                ; 2 bits    ; 4 LEs         ; 4 LEs                ; 0 LEs                  ; No         ; |slc3|datapath:d0|four_mux:ADDR2|Mux0         ;
; 8:1                ; 16 bits   ; 80 LEs        ; 80 LEs               ; 0 LEs                  ; No         ; |slc3|datapath:d0|Reg_File:RF|mux_8:M81|Mux14 ;
; 9:1                ; 16 bits   ; 96 LEs        ; 96 LEs               ; 0 LEs                  ; No         ; |slc3|datapath:d0|two_mux:sr2|Z[1]            ;
; 7:1                ; 16 bits   ; 64 LEs        ; 64 LEs               ; 0 LEs                  ; No         ; |slc3|datapath:d0|buffers:tri_state|Z[1]      ;
; 256:1              ; 16 bits   ; 2720 LEs      ; 2720 LEs             ; 0 LEs                  ; No         ; |slc3|test_memory:test_mem|Mux12              ;
+--------------------+-----------+---------------+----------------------+------------------------+------------+-----------------------------------------------+


+-----------------------------------------------------------+
; Parameter Settings for User Entity Instance: tristate:tr0 ;
+----------------+-------+----------------------------------+
; Parameter Name ; Value ; Type                             ;
+----------------+-------+----------------------------------+
; N              ; 16    ; Signed Integer                   ;
+----------------+-------+----------------------------------+
Note: In order to hide this table in the UI and the text report file, please set the "Show Parameter Settings in Synthesis Report" option in "Analysis and Synthesis Settings -> More Settings" to "Off".


+-------------------------------------------------------------------+
; Parameter Settings for User Entity Instance: test_memory:test_mem ;
+----------------+-------+------------------------------------------+
; Parameter Name ; Value ; Type                                     ;
+----------------+-------+------------------------------------------+
; size           ; 256   ; Signed Integer                           ;
+----------------+-------+------------------------------------------+
Note: In order to hide this table in the UI and the text report file, please set the "Show Parameter Settings in Synthesis Report" option in "Analysis and Synthesis Settings -> More Settings" to "Off".


+--------------------------------------------------+
; Port Connectivity Checks: "test_memory:test_mem" ;
+-----------+-------+----------+-------------------+
; Port      ; Type  ; Severity ; Details           ;
+-----------+-------+----------+-------------------+
; A[19..16] ; Input ; Info     ; Stuck at GND      ;
+-----------+-------+----------+-------------------+


+--------------------------------------------------------+
; Port Connectivity Checks: "datapath:d0|four_mux:ADDR2" ;
+------+-------+----------+------------------------------+
; Port ; Type  ; Severity ; Details                      ;
+------+-------+----------+------------------------------+
; D1   ; Input ; Info     ; Stuck at GND                 ;
+------+-------+----------+------------------------------+


+--------------------------------------------------+
; Port Connectivity Checks: "datapath:d0|mux_3:dr" ;
+------+-------+----------+------------------------+
; Port ; Type  ; Severity ; Details                ;
+------+-------+----------+------------------------+
; D2   ; Input ; Info     ; Stuck at VCC           ;
+------+-------+----------+------------------------+


+--------------------------------------------------------+
; Port Connectivity Checks: "datapath:d0|four_mux:pcMUX" ;
+------+-------+----------+------------------------------+
; Port ; Type  ; Severity ; Details                      ;
+------+-------+----------+------------------------------+
; D4   ; Input ; Info     ; Stuck at GND                 ;
+------+-------+----------+------------------------------+


+-----------------------------------------------------+
; Post-Synthesis Netlist Statistics for Top Partition ;
+-----------------------+-----------------------------+
; Type                  ; Count                       ;
+-----------------------+-----------------------------+
; boundary_port         ; 319                         ;
; cycloneiii_ff         ; 4368                        ;
;     CLR               ; 29                          ;
;     ENA CLR           ; 4275                        ;
;     ENA CLR SLD       ; 32                          ;
;     plain             ; 32                          ;
; cycloneiii_io_obuf    ; 16                          ;
; cycloneiii_lcell_comb ; 4489                        ;
;     arith             ; 45                          ;
;         2 data inputs ; 15                          ;
;         3 data inputs ; 30                          ;
;     normal            ; 4444                        ;
;         0 data inputs ; 1                           ;
;         1 data inputs ; 984                         ;
;         2 data inputs ; 40                          ;
;         3 data inputs ; 313                         ;
;         4 data inputs ; 3106                        ;
;                       ;                             ;
; Max LUT depth         ; 12.20                       ;
; Average LUT depth     ; 6.47                        ;
+-----------------------+-----------------------------+


+-------------------------------+
; Elapsed Time Per Partition    ;
+----------------+--------------+
; Partition Name ; Elapsed Time ;
+----------------+--------------+
; Top            ; 00:00:11     ;
+----------------+--------------+


+-------------------------------+
; Analysis & Synthesis Messages ;
+-------------------------------+
Info: *******************************************************************
Info: Running Quartus II 64-Bit Analysis & Synthesis
    Info: Version 15.0.0 Build 145 04/22/2015 SJ Full Version
    Info: Processing started: Thu Oct 13 15:50:13 2016
Info: Command: quartus_map --read_settings_files=on --write_settings_files=off Lab6 -c Lab6
Info (20030): Parallel compilation is enabled and will use 4 of the 4 processors detected
Info (12021): Found 1 design units, including 1 entities, in source file tristate.sv
    Info (12023): Found entity 1: tristate
Info (12021): Found 1 design units, including 1 entities, in source file testbench.sv
    Info (12023): Found entity 1: testbench
Info (12021): Found 2 design units, including 1 entities, in source file test_memory.sv
    Info (12022): Found design unit 1: SLC3_2 (SystemVerilog)
    Info (12023): Found entity 1: test_memory
Info (12021): Found 0 design units, including 0 entities, in source file slc3_2.sv
Info (12021): Found 1 design units, including 1 entities, in source file two_mux.sv
    Info (12023): Found entity 1: two_mux
Info (12021): Found 1 design units, including 1 entities, in source file mem2io.sv
    Info (12023): Found entity 1: Mem2IO
Info (12021): Found 1 design units, including 1 entities, in source file slc3.sv
    Info (12023): Found entity 1: slc3
Info (12021): Found 1 design units, including 1 entities, in source file hexdriver.sv
    Info (12023): Found entity 1: HexDriver
Info (12021): Found 1 design units, including 1 entities, in source file buffermux.sv
    Info (12023): Found entity 1: buffers
Info (12021): Found 1 design units, including 1 entities, in source file 16bitreg.sv
    Info (12023): Found entity 1: reg16
Info (12021): Found 1 design units, including 1 entities, in source file register_1.sv
    Info (12023): Found entity 1: register_1
Info (12021): Found 1 design units, including 1 entities, in source file reg_file.sv
    Info (12023): Found entity 1: Reg_File
Info (12021): Found 1 design units, including 1 entities, in source file mux_8.sv
    Info (12023): Found entity 1: mux_8
Info (12021): Found 1 design units, including 1 entities, in source file logic2.sv
    Info (12023): Found entity 1: logic2
Info (12021): Found 1 design units, including 1 entities, in source file logic1.sv
    Info (12023): Found entity 1: logic1
Info (12021): Found 1 design units, including 1 entities, in source file isdu.sv
    Info (12023): Found entity 1: ISDU
Info (12021): Found 1 design units, including 1 entities, in source file datapath.sv
    Info (12023): Found entity 1: datapath
Info (12021): Found 1 design units, including 1 entities, in source file aluk.sv
    Info (12023): Found entity 1: ALUK
Info (12021): Found 1 design units, including 1 entities, in source file 4to1mux.sv
    Info (12023): Found entity 1: four_mux
Info (12021): Found 1 design units, including 1 entities, in source file mux_3.sv
    Info (12023): Found entity 1: mux_3
Info (12127): Elaborating entity "slc3" for the top level hierarchy
Info (12128): Elaborating entity "HexDriver" for hierarchy "HexDriver:hex_drivers[0]"
Info (12128): Elaborating entity "datapath" for hierarchy "datapath:d0"
Info (12128): Elaborating entity "reg16" for hierarchy "datapath:d0|reg16:pc"
Info (12128): Elaborating entity "four_mux" for hierarchy "datapath:d0|four_mux:pcMUX"
Info (12128): Elaborating entity "buffers" for hierarchy "datapath:d0|buffers:tri_state"
Info (12128): Elaborating entity "two_mux" for hierarchy "datapath:d0|two_mux:MIO"
Info (12128): Elaborating entity "logic1" for hierarchy "datapath:d0|logic1:l1"
Info (12128): Elaborating entity "register_1" for hierarchy "datapath:d0|register_1:N"
Info (12128): Elaborating entity "logic2" for hierarchy "datapath:d0|logic2:l2"
Info (12128): Elaborating entity "mux_3" for hierarchy "datapath:d0|mux_3:sr1"
Info (12128): Elaborating entity "Reg_File" for hierarchy "datapath:d0|Reg_File:RF"
Info (12128): Elaborating entity "mux_8" for hierarchy "datapath:d0|Reg_File:RF|mux_8:M81"
Info (12128): Elaborating entity "ALUK" for hierarchy "datapath:d0|ALUK:aluk"
Info (12128): Elaborating entity "Mem2IO" for hierarchy "Mem2IO:memory_subsystem"
Info (12128): Elaborating entity "ISDU" for hierarchy "ISDU:state_controller"
Info (10264): Verilog HDL Case Statement information at ISDU.sv(195): all case item expressions in this case statement are onehot
Info (12128): Elaborating entity "tristate" for hierarchy "tristate:tr0"
Info (12128): Elaborating entity "test_memory" for hierarchy "test_memory:test_mem"
Warning (10230): Verilog HDL assignment warning at SLC3_2.sv(110): truncated value with size 32 to match size of target (5)
Info (13000): Registers with preset signals will power-up high
Info (13003): DEV_CLRn pin will set, and not reset, register with preset signal due to NOT Gate Push-Back
Warning (13024): Output pins are stuck at VCC or GND
    Warning (13410): Pin "CE" is stuck at GND
    Warning (13410): Pin "UB" is stuck at GND
    Warning (13410): Pin "LB" is stuck at GND
    Warning (13410): Pin "ADDR[16]" is stuck at GND
    Warning (13410): Pin "ADDR[17]" is stuck at GND
    Warning (13410): Pin "ADDR[18]" is stuck at GND
    Warning (13410): Pin "ADDR[19]" is stuck at GND
    Warning (13410): Pin "drreg[3]" is stuck at GND
Info (286030): Timing-Driven Synthesis is running
Info (17049): 5 registers lost all their fanouts during netlist optimizations.
Info (144001): Generated suppressed messages file I:/LAB_6/output_files/Lab6.map.smsg
Info (16010): Generating hard_block partition "hard_block:auto_generated_inst"
    Info (16011): Adding 0 node(s), including 0 DDIO, 0 PLL, 0 transceiver and 0 LCELL
Info (21057): Implemented 8128 device resources after synthesis - the final resource count might be different
    Info (21058): Implemented 20 input pins
    Info (21059): Implemented 283 output pins
    Info (21060): Implemented 16 bidirectional pins
    Info (21061): Implemented 7809 logic cells
Info: Quartus II 64-Bit Analysis & Synthesis was successful. 0 errors, 10 warnings
    Info: Peak virtual memory: 745 megabytes
    Info: Processing ended: Thu Oct 13 15:50:48 2016
    Info: Elapsed time: 00:00:35
    Info: Total CPU time (on all processors): 00:00:35


+------------------------------------------+
; Analysis & Synthesis Suppressed Messages ;
+------------------------------------------+
The suppressed messages can be found in I:/LAB_6/output_files/Lab6.map.smsg.


